2026-01-25T00:54:04.318+05:30  INFO [user-service,,] 25588 --- [user-service] [main] [                                                 ] c.t.user.UserServiceApplicationTests     : Starting UserServiceApplicationTests using Java 21.0.7 with PID 25588 (started by Abhinav Pathak in C:\FS Projects\TicketBlitz\user-service)
2026-01-25T00:54:04.346+05:30 DEBUG [user-service,,] 25588 --- [user-service] [main] [                                                 ] c.t.user.UserServiceApplicationTests     : Running with Spring Boot v3.2.3, Spring v6.1.4
2026-01-25T00:54:04.347+05:30  INFO [user-service,,] 25588 --- [user-service] [main] [                                                 ] c.t.user.UserServiceApplicationTests     : No active profile set, falling back to 1 default profile: "default"
2026-01-25T00:54:05.725+05:30  INFO [user-service,,] 25588 --- [user-service] [main] [                                                 ] .s.d.r.c.RepositoryConfigurationDelegate : Bootstrapping Spring Data JPA repositories in DEFAULT mode.
2026-01-25T00:54:05.787+05:30  INFO [user-service,,] 25588 --- [user-service] [main] [                                                 ] .s.d.r.c.RepositoryConfigurationDelegate : Finished Spring Data repository scanning in 51 ms. Found 1 JPA repository interface.
2026-01-25T00:54:06.865+05:30  INFO [user-service,,] 25588 --- [user-service] [main] [                                                 ] o.hibernate.jpa.internal.util.LogHelper  : HHH000204: Processing PersistenceUnitInfo [name: default]
2026-01-25T00:54:07.013+05:30  INFO [user-service,,] 25588 --- [user-service] [main] [                                                 ] org.hibernate.Version                    : HHH000412: Hibernate ORM core version 6.4.4.Final
2026-01-25T00:54:07.073+05:30  INFO [user-service,,] 25588 --- [user-service] [main] [                                                 ] o.h.c.internal.RegionFactoryInitiator    : HHH000026: Second-level cache disabled
2026-01-25T00:54:07.194+05:30  INFO [user-service,,] 25588 --- [user-service] [main] [                                                 ] o.s.o.j.p.SpringPersistenceUnitInfo      : No LoadTimeWeaver setup: ignoring JPA class transformer
2026-01-25T00:54:07.226+05:30  INFO [user-service,,] 25588 --- [user-service] [main] [                                                 ] com.zaxxer.hikari.HikariDataSource       : HikariPool-1 - Starting...
2026-01-25T00:54:07.435+05:30  INFO [user-service,,] 25588 --- [user-service] [main] [                                                 ] com.zaxxer.hikari.pool.HikariPool        : HikariPool-1 - Added connection conn0: url=jdbc:h2:mem:testdb user=POSTGRES
2026-01-25T00:54:07.437+05:30  INFO [user-service,,] 25588 --- [user-service] [main] [                                                 ] com.zaxxer.hikari.HikariDataSource       : HikariPool-1 - Start completed.
2026-01-25T00:54:07.468+05:30  WARN [user-service,,] 25588 --- [user-service] [main] [                                                 ] org.hibernate.orm.deprecation            : HHH90000025: H2Dialect does not need to be specified explicitly using 'hibernate.dialect' (remove the property setting and it will be selected by default)
2026-01-25T00:54:08.129+05:30  INFO [user-service,,] 25588 --- [user-service] [main] [                                                 ] o.h.e.t.j.p.i.JtaPlatformInitiator       : HHH000489: No JTA platform available (set 'hibernate.transaction.jta.platform' to enable JTA platform integration)
2026-01-25T00:54:08.144+05:30 DEBUG [user-service,,] 25588 --- [user-service] [main] [                                                 ] org.hibernate.SQL                        : 
    drop table if exists users cascade 
2026-01-25T00:54:08.154+05:30 DEBUG [user-service,,] 25588 --- [user-service] [main] [                                                 ] org.hibernate.SQL                        : 
    create table users (
        is_active boolean not null,
        created_at timestamp(6),
        id bigint generated by default as identity,
        updated_at timestamp(6),
        email varchar(255) not null unique,
        password varchar(255) not null,
        role varchar(255) not null check (role in ('USER','ORGANIZER','ADMIN')),
        username varchar(255) not null unique,
        primary key (id)
    )
2026-01-25T00:54:08.171+05:30  INFO [user-service,,] 25588 --- [user-service] [main] [                                                 ] j.LocalContainerEntityManagerFactoryBean : Initialized JPA EntityManagerFactory for persistence unit 'default'
2026-01-25T00:54:08.840+05:30  WARN [user-service,,] 25588 --- [user-service] [main] [                                                 ] JpaBaseConfiguration$JpaWebConfiguration : spring.jpa.open-in-view is enabled by default. Therefore, database queries may be performed during view rendering. Explicitly configure spring.jpa.open-in-view to disable this warning
2026-01-25T00:54:08.907+05:30  WARN [user-service,,] 25588 --- [user-service] [main] [                                                 ] .s.s.UserDetailsServiceAutoConfiguration : 

Using generated security password: b461c1ac-901a-4c88-a3c5-e33188bc75f7

This generated password is for development use only. Your security configuration must be updated before running your application in production.

2026-01-25T00:54:09.511+05:30  INFO [user-service,,] 25588 --- [user-service] [main] [                                                 ] o.s.b.a.e.web.EndpointLinksResolver      : Exposing 1 endpoint(s) beneath base path '/actuator'
2026-01-25T00:54:09.831+05:30  INFO [user-service,,] 25588 --- [user-service] [main] [                                                 ] o.s.s.web.DefaultSecurityFilterChain     : Will secure any request with [org.springframework.security.web.session.DisableEncodeUrlFilter@1602b644, org.springframework.security.web.context.request.async.WebAsyncManagerIntegrationFilter@4d0ec988, org.springframework.security.web.context.SecurityContextHolderFilter@7e7a6f81, org.springframework.security.web.header.HeaderWriterFilter@76339283, org.springframework.web.filter.CorsFilter@17991766, org.springframework.security.web.authentication.logout.LogoutFilter@103388c6, com.ticketblitz.user.config.JwtFilter@35ff7336, org.springframework.security.web.savedrequest.RequestCacheAwareFilter@67954442, org.springframework.security.web.servletapi.SecurityContextHolderAwareRequestFilter@4aa8504f, org.springframework.security.web.authentication.AnonymousAuthenticationFilter@33b09909, org.springframework.security.web.access.ExceptionTranslationFilter@56418318, org.springframework.security.web.access.intercept.AuthorizationFilter@68ba2801]
2026-01-25T00:54:10.628+05:30  INFO [user-service,,] 25588 --- [user-service] [main] [                                                 ] c.t.user.UserServiceApplicationTests     : Started UserServiceApplicationTests in 7.065 seconds (process running for 11.653)
2026-01-25T00:54:11.771+05:30  INFO [user-service,,] 25588 --- [user-service] [SpringApplicationShutdownHook] [                                                 ] j.LocalContainerEntityManagerFactoryBean : Closing JPA EntityManagerFactory for persistence unit 'default'
2026-01-25T00:54:11.773+05:30 DEBUG [user-service,,] 25588 --- [user-service] [SpringApplicationShutdownHook] [                                                 ] org.hibernate.SQL                        : 
    drop table if exists users cascade 
2026-01-25T00:54:11.781+05:30  INFO [user-service,,] 25588 --- [user-service] [SpringApplicationShutdownHook] [                                                 ] com.zaxxer.hikari.HikariDataSource       : HikariPool-1 - Shutdown initiated...
2026-01-25T00:54:11.789+05:30  INFO [user-service,,] 25588 --- [user-service] [SpringApplicationShutdownHook] [                                                 ] com.zaxxer.hikari.HikariDataSource       : HikariPool-1 - Shutdown completed.
