2026-01-25T00:14:02.776+05:30  INFO [auth-service,,] 31484 --- [auth-service] [main] [                                                 ] c.t.auth.AuthServiceApplicationTests     : Starting AuthServiceApplicationTests using Java 21.0.7 with PID 31484 (started by Abhinav Pathak in C:\FS Projects\TicketBlitz\auth-service)
2026-01-25T00:14:02.792+05:30 DEBUG [auth-service,,] 31484 --- [auth-service] [main] [                                                 ] c.t.auth.AuthServiceApplicationTests     : Running with Spring Boot v3.5.9, Spring v6.2.15
2026-01-25T00:14:02.794+05:30  INFO [auth-service,,] 31484 --- [auth-service] [main] [                                                 ] c.t.auth.AuthServiceApplicationTests     : No active profile set, falling back to 1 default profile: "default"
2026-01-25T00:14:06.074+05:30  INFO [auth-service,,] 31484 --- [auth-service] [main] [                                                 ] o.s.cloud.context.scope.GenericScope     : BeanFactory id=0af8c1e2-0dc4-3bd4-a00c-e955b53cdf36
2026-01-25T00:14:09.877+05:30  INFO [auth-service,,] 31484 --- [auth-service] [main] [                                                 ] o.s.b.a.e.web.EndpointLinksResolver      : Exposing 1 endpoint beneath base path '/actuator'
2026-01-25T00:14:09.983+05:30  WARN [auth-service,,] 31484 --- [auth-service] [main] [                                                 ] .s.s.UserDetailsServiceAutoConfiguration : 

Using generated security password: e8daab56-d2bb-4267-b852-dbd1cc799ea1

This generated password is for development use only. Your security configuration must be updated before running your application in production.

2026-01-25T00:14:10.015+05:30  INFO [auth-service,,] 31484 --- [auth-service] [main] [                                                 ] r$InitializeUserDetailsManagerConfigurer : Global AuthenticationManager configured with UserDetailsService bean with name inMemoryUserDetailsManager
2026-01-25T00:14:12.440+05:30  INFO [auth-service,,] 31484 --- [auth-service] [main] [                                                 ] c.t.auth.AuthServiceApplicationTests     : Started AuthServiceApplicationTests in 11.096 seconds (process running for 15.523)
2026-01-25T00:14:14.593+05:30  INFO [auth-service,,] 31484 --- [auth-service] [main] [                                                 ] o.s.mock.web.MockServletContext          : Initializing Spring TestDispatcherServlet ''
2026-01-25T00:14:14.593+05:30  INFO [auth-service,,] 31484 --- [auth-service] [main] [                                                 ] o.s.t.web.servlet.TestDispatcherServlet  : Initializing Servlet ''
2026-01-25T00:14:14.595+05:30  INFO [auth-service,,] 31484 --- [auth-service] [main] [                                                 ] o.s.t.web.servlet.TestDispatcherServlet  : Completed initialization in 1 ms
2026-01-25T00:14:15.750+05:30  INFO [auth-service,,] 31484 --- [auth-service] [main] [                                                 ] o.s.mock.web.MockServletContext          : Initializing Spring TestDispatcherServlet ''
2026-01-25T00:14:15.750+05:30  INFO [auth-service,,] 31484 --- [auth-service] [main] [                                                 ] o.s.t.web.servlet.TestDispatcherServlet  : Initializing Servlet ''
2026-01-25T00:14:15.751+05:30  INFO [auth-service,,] 31484 --- [auth-service] [main] [                                                 ] o.s.t.web.servlet.TestDispatcherServlet  : Completed initialization in 1 ms
2026-01-25T00:14:15.788+05:30  INFO [auth-service,,] 31484 --- [auth-service] [main] [                                                 ] o.s.mock.web.MockServletContext          : Initializing Spring TestDispatcherServlet ''
2026-01-25T00:14:15.789+05:30  INFO [auth-service,,] 31484 --- [auth-service] [main] [                                                 ] o.s.t.web.servlet.TestDispatcherServlet  : Initializing Servlet ''
2026-01-25T00:14:15.789+05:30  INFO [auth-service,,] 31484 --- [auth-service] [main] [                                                 ] o.s.t.web.servlet.TestDispatcherServlet  : Completed initialization in 0 ms
2026-01-25T00:14:15.914+05:30  INFO [auth-service,,] 31484 --- [auth-service] [main] [                                                 ] o.s.mock.web.MockServletContext          : Initializing Spring TestDispatcherServlet ''
2026-01-25T00:14:15.914+05:30  INFO [auth-service,,] 31484 --- [auth-service] [main] [                                                 ] o.s.t.web.servlet.TestDispatcherServlet  : Initializing Servlet ''
2026-01-25T00:14:15.914+05:30  INFO [auth-service,,] 31484 --- [auth-service] [main] [                                                 ] o.s.t.web.servlet.TestDispatcherServlet  : Completed initialization in 0 ms
2026-01-25T00:14:15.946+05:30  INFO [auth-service,,] 31484 --- [auth-service] [main] [                                                 ] o.s.mock.web.MockServletContext          : Initializing Spring TestDispatcherServlet ''
2026-01-25T00:14:15.946+05:30  INFO [auth-service,,] 31484 --- [auth-service] [main] [                                                 ] o.s.t.web.servlet.TestDispatcherServlet  : Initializing Servlet ''
2026-01-25T00:14:15.947+05:30  INFO [auth-service,,] 31484 --- [auth-service] [main] [                                                 ] o.s.t.web.servlet.TestDispatcherServlet  : Completed initialization in 0 ms
2026-01-25T00:14:15.993+05:30  INFO [auth-service,,] 31484 --- [auth-service] [main] [                                                 ] o.s.mock.web.MockServletContext          : Initializing Spring TestDispatcherServlet ''
2026-01-25T00:14:15.993+05:30  INFO [auth-service,,] 31484 --- [auth-service] [main] [                                                 ] o.s.t.web.servlet.TestDispatcherServlet  : Initializing Servlet ''
2026-01-25T00:14:15.995+05:30  INFO [auth-service,,] 31484 --- [auth-service] [main] [                                                 ] o.s.t.web.servlet.TestDispatcherServlet  : Completed initialization in 2 ms
2026-01-25T00:14:16.032+05:30  INFO [auth-service,,] 31484 --- [auth-service] [main] [                                                 ] o.s.mock.web.MockServletContext          : Initializing Spring TestDispatcherServlet ''
2026-01-25T00:14:16.033+05:30  INFO [auth-service,,] 31484 --- [auth-service] [main] [                                                 ] o.s.t.web.servlet.TestDispatcherServlet  : Initializing Servlet ''
2026-01-25T00:14:16.033+05:30  INFO [auth-service,,] 31484 --- [auth-service] [main] [                                                 ] o.s.t.web.servlet.TestDispatcherServlet  : Completed initialization in 0 ms
2026-01-25T00:14:16.079+05:30  INFO [auth-service,,] 31484 --- [auth-service] [main] [                                                 ] o.s.mock.web.MockServletContext          : Initializing Spring TestDispatcherServlet ''
2026-01-25T00:14:16.080+05:30  INFO [auth-service,,] 31484 --- [auth-service] [main] [                                                 ] o.s.t.web.servlet.TestDispatcherServlet  : Initializing Servlet ''
2026-01-25T00:14:16.080+05:30  INFO [auth-service,,] 31484 --- [auth-service] [main] [                                                 ] o.s.t.web.servlet.TestDispatcherServlet  : Completed initialization in 0 ms
2026-01-25T00:14:16.133+05:30  INFO [auth-service,,] 31484 --- [auth-service] [main] [                                                 ] o.s.mock.web.MockServletContext          : Initializing Spring TestDispatcherServlet ''
2026-01-25T00:14:16.136+05:30  INFO [auth-service,,] 31484 --- [auth-service] [main] [                                                 ] o.s.t.web.servlet.TestDispatcherServlet  : Initializing Servlet ''
2026-01-25T00:14:16.136+05:30  INFO [auth-service,,] 31484 --- [auth-service] [main] [                                                 ] o.s.t.web.servlet.TestDispatcherServlet  : Completed initialization in 0 ms
2026-01-25T00:52:13.126+05:30  INFO [auth-service,,] 29916 --- [auth-service] [main] [                                                 ] c.t.auth.AuthServiceApplicationTests     : Starting AuthServiceApplicationTests using Java 21.0.7 with PID 29916 (started by Abhinav Pathak in C:\FS Projects\TicketBlitz\auth-service)
2026-01-25T00:52:13.130+05:30 DEBUG [auth-service,,] 29916 --- [auth-service] [main] [                                                 ] c.t.auth.AuthServiceApplicationTests     : Running with Spring Boot v3.5.9, Spring v6.2.15
2026-01-25T00:52:13.131+05:30  INFO [auth-service,,] 29916 --- [auth-service] [main] [                                                 ] c.t.auth.AuthServiceApplicationTests     : No active profile set, falling back to 1 default profile: "default"
2026-01-25T00:52:15.820+05:30  INFO [auth-service,,] 29916 --- [auth-service] [main] [                                                 ] o.s.cloud.context.scope.GenericScope     : BeanFactory id=0af8c1e2-0dc4-3bd4-a00c-e955b53cdf36
2026-01-25T00:52:19.227+05:30  INFO [auth-service,,] 29916 --- [auth-service] [main] [                                                 ] o.s.b.a.e.web.EndpointLinksResolver      : Exposing 1 endpoint beneath base path '/actuator'
2026-01-25T00:52:19.312+05:30  WARN [auth-service,,] 29916 --- [auth-service] [main] [                                                 ] .s.s.UserDetailsServiceAutoConfiguration : 

Using generated security password: 0252e408-2822-49b6-bd3d-43089c9a4027

This generated password is for development use only. Your security configuration must be updated before running your application in production.

2026-01-25T00:52:19.330+05:30  INFO [auth-service,,] 29916 --- [auth-service] [main] [                                                 ] r$InitializeUserDetailsManagerConfigurer : Global AuthenticationManager configured with UserDetailsService bean with name inMemoryUserDetailsManager
2026-01-25T00:52:21.376+05:30  INFO [auth-service,,] 29916 --- [auth-service] [main] [                                                 ] c.t.auth.AuthServiceApplicationTests     : Started AuthServiceApplicationTests in 8.96 seconds (process running for 10.926)
2026-01-25T00:52:22.947+05:30  INFO [auth-service,,] 29916 --- [auth-service] [main] [                                                 ] o.s.mock.web.MockServletContext          : Initializing Spring TestDispatcherServlet ''
2026-01-25T00:52:22.948+05:30  INFO [auth-service,,] 29916 --- [auth-service] [main] [                                                 ] o.s.t.web.servlet.TestDispatcherServlet  : Initializing Servlet ''
2026-01-25T00:52:22.949+05:30  INFO [auth-service,,] 29916 --- [auth-service] [main] [                                                 ] o.s.t.web.servlet.TestDispatcherServlet  : Completed initialization in 1 ms
2026-01-25T00:52:23.706+05:30  INFO [auth-service,,] 29916 --- [auth-service] [main] [                                                 ] o.s.mock.web.MockServletContext          : Initializing Spring TestDispatcherServlet ''
2026-01-25T00:52:23.707+05:30  INFO [auth-service,,] 29916 --- [auth-service] [main] [                                                 ] o.s.t.web.servlet.TestDispatcherServlet  : Initializing Servlet ''
2026-01-25T00:52:23.707+05:30  INFO [auth-service,,] 29916 --- [auth-service] [main] [                                                 ] o.s.t.web.servlet.TestDispatcherServlet  : Completed initialization in 0 ms
2026-01-25T00:52:23.746+05:30  INFO [auth-service,,] 29916 --- [auth-service] [main] [                                                 ] o.s.mock.web.MockServletContext          : Initializing Spring TestDispatcherServlet ''
2026-01-25T00:52:23.747+05:30  INFO [auth-service,,] 29916 --- [auth-service] [main] [                                                 ] o.s.t.web.servlet.TestDispatcherServlet  : Initializing Servlet ''
2026-01-25T00:52:23.747+05:30  INFO [auth-service,,] 29916 --- [auth-service] [main] [                                                 ] o.s.t.web.servlet.TestDispatcherServlet  : Completed initialization in 0 ms
2026-01-25T00:52:23.869+05:30  INFO [auth-service,,] 29916 --- [auth-service] [main] [                                                 ] o.s.mock.web.MockServletContext          : Initializing Spring TestDispatcherServlet ''
2026-01-25T00:52:23.869+05:30  INFO [auth-service,,] 29916 --- [auth-service] [main] [                                                 ] o.s.t.web.servlet.TestDispatcherServlet  : Initializing Servlet ''
2026-01-25T00:52:23.870+05:30  INFO [auth-service,,] 29916 --- [auth-service] [main] [                                                 ] o.s.t.web.servlet.TestDispatcherServlet  : Completed initialization in 1 ms
2026-01-25T00:52:23.904+05:30  INFO [auth-service,,] 29916 --- [auth-service] [main] [                                                 ] o.s.mock.web.MockServletContext          : Initializing Spring TestDispatcherServlet ''
2026-01-25T00:52:23.905+05:30  INFO [auth-service,,] 29916 --- [auth-service] [main] [                                                 ] o.s.t.web.servlet.TestDispatcherServlet  : Initializing Servlet ''
2026-01-25T00:52:23.906+05:30  INFO [auth-service,,] 29916 --- [auth-service] [main] [                                                 ] o.s.t.web.servlet.TestDispatcherServlet  : Completed initialization in 0 ms
2026-01-25T00:52:23.940+05:30  INFO [auth-service,,] 29916 --- [auth-service] [main] [                                                 ] o.s.mock.web.MockServletContext          : Initializing Spring TestDispatcherServlet ''
2026-01-25T00:52:23.941+05:30  INFO [auth-service,,] 29916 --- [auth-service] [main] [                                                 ] o.s.t.web.servlet.TestDispatcherServlet  : Initializing Servlet ''
2026-01-25T00:52:23.941+05:30  INFO [auth-service,,] 29916 --- [auth-service] [main] [                                                 ] o.s.t.web.servlet.TestDispatcherServlet  : Completed initialization in 0 ms
2026-01-25T00:52:23.970+05:30  INFO [auth-service,,] 29916 --- [auth-service] [main] [                                                 ] o.s.mock.web.MockServletContext          : Initializing Spring TestDispatcherServlet ''
2026-01-25T00:52:23.972+05:30  INFO [auth-service,,] 29916 --- [auth-service] [main] [                                                 ] o.s.t.web.servlet.TestDispatcherServlet  : Initializing Servlet ''
2026-01-25T00:52:23.972+05:30  INFO [auth-service,,] 29916 --- [auth-service] [main] [                                                 ] o.s.t.web.servlet.TestDispatcherServlet  : Completed initialization in 0 ms
2026-01-25T00:52:24.002+05:30  INFO [auth-service,,] 29916 --- [auth-service] [main] [                                                 ] o.s.mock.web.MockServletContext          : Initializing Spring TestDispatcherServlet ''
2026-01-25T00:52:24.002+05:30  INFO [auth-service,,] 29916 --- [auth-service] [main] [                                                 ] o.s.t.web.servlet.TestDispatcherServlet  : Initializing Servlet ''
2026-01-25T00:52:24.003+05:30  INFO [auth-service,,] 29916 --- [auth-service] [main] [                                                 ] o.s.t.web.servlet.TestDispatcherServlet  : Completed initialization in 0 ms
2026-01-25T00:52:24.038+05:30  INFO [auth-service,,] 29916 --- [auth-service] [main] [                                                 ] o.s.mock.web.MockServletContext          : Initializing Spring TestDispatcherServlet ''
2026-01-25T00:52:24.039+05:30  INFO [auth-service,,] 29916 --- [auth-service] [main] [                                                 ] o.s.t.web.servlet.TestDispatcherServlet  : Initializing Servlet ''
2026-01-25T00:52:24.039+05:30  INFO [auth-service,,] 29916 --- [auth-service] [main] [                                                 ] o.s.t.web.servlet.TestDispatcherServlet  : Completed initialization in 0 ms
