2025-12-28T00:20:59.145+05:30  INFO 15032 --- [auth-service] [main] [                                                 ] c.t.auth.AuthServiceApplication          : Starting AuthServiceApplication using Java 21.0.7 with PID 15032 (C:\FS Projects\TicketBlitz\auth-service\target\classes started by Abhinav Pathak in C:\FS Projects\TicketBlitz)
2025-12-28T00:20:59.153+05:30 DEBUG 15032 --- [auth-service] [main] [                                                 ] c.t.auth.AuthServiceApplication          : Running with Spring Boot v3.5.9, Spring v6.2.15
2025-12-28T00:20:59.154+05:30  INFO 15032 --- [auth-service] [main] [                                                 ] c.t.auth.AuthServiceApplication          : No active profile set, falling back to 1 default profile: "default"
2025-12-28T00:21:00.282+05:30  INFO 15032 --- [auth-service] [main] [                                                 ] .s.d.r.c.RepositoryConfigurationDelegate : Bootstrapping Spring Data JPA repositories in DEFAULT mode.
2025-12-28T00:21:00.306+05:30  INFO 15032 --- [auth-service] [main] [                                                 ] .s.d.r.c.RepositoryConfigurationDelegate : Finished Spring Data repository scanning in 12 ms. Found 0 JPA repository interfaces.
2025-12-28T00:21:00.528+05:30  INFO 15032 --- [auth-service] [main] [                                                 ] o.s.cloud.context.scope.GenericScope     : BeanFactory id=b7ff5e4a-0bb6-35f2-843c-ba2a7a7da8a4
2025-12-28T00:21:00.897+05:30  INFO 15032 --- [auth-service] [main] [                                                 ] o.s.b.w.embedded.tomcat.TomcatWebServer  : Tomcat initialized with port 8081 (http)
2025-12-28T00:21:00.912+05:30  INFO 15032 --- [auth-service] [main] [                                                 ] o.apache.catalina.core.StandardService   : Starting service [Tomcat]
2025-12-28T00:21:00.913+05:30  INFO 15032 --- [auth-service] [main] [                                                 ] o.apache.catalina.core.StandardEngine    : Starting Servlet engine: [Apache Tomcat/10.1.50]
2025-12-28T00:21:00.979+05:30  INFO 15032 --- [auth-service] [main] [                                                 ] o.a.c.c.C.[Tomcat].[localhost].[/]       : Initializing Spring embedded WebApplicationContext
2025-12-28T00:21:00.980+05:30  INFO 15032 --- [auth-service] [main] [                                                 ] w.s.c.ServletWebServerApplicationContext : Root WebApplicationContext: initialization completed in 1767 ms
2025-12-28T00:21:01.404+05:30  INFO 15032 --- [auth-service] [main] [                                                 ] com.zaxxer.hikari.HikariDataSource       : HikariPool-1 - Starting...
2025-12-28T00:21:01.627+05:30  INFO 15032 --- [auth-service] [main] [                                                 ] com.zaxxer.hikari.pool.HikariPool        : HikariPool-1 - Added connection org.postgresql.jdbc.PgConnection@2a9e754e
2025-12-28T00:21:01.628+05:30  INFO 15032 --- [auth-service] [main] [                                                 ] com.zaxxer.hikari.HikariDataSource       : HikariPool-1 - Start completed.
2025-12-28T00:21:01.675+05:30  INFO 15032 --- [auth-service] [main] [                                                 ] org.flywaydb.core.FlywayExecutor         : Database: jdbc:postgresql://localhost:5432/ticketblitz_auth (PostgreSQL 18.0)
2025-12-28T00:21:01.709+05:30  WARN 15032 --- [auth-service] [main] [                                                 ] o.f.c.internal.database.base.Database    : Flyway upgrade recommended: PostgreSQL 18.0 is newer than this version of Flyway and support has not been tested. The latest supported version of PostgreSQL is 17.
2025-12-28T00:21:01.783+05:30  INFO 15032 --- [auth-service] [main] [                                                 ] o.f.core.internal.command.DbValidate     : Successfully validated 1 migration (execution time 00:00.057s)
2025-12-28T00:21:01.820+05:30  INFO 15032 --- [auth-service] [main] [                                                 ] o.f.core.internal.command.DbMigrate      : Current version of schema "public": 1
2025-12-28T00:21:01.824+05:30  INFO 15032 --- [auth-service] [main] [                                                 ] o.f.core.internal.command.DbMigrate      : Schema "public" is up to date. No migration necessary.
2025-12-28T00:21:01.937+05:30  INFO 15032 --- [auth-service] [main] [                                                 ] o.hibernate.jpa.internal.util.LogHelper  : HHH000204: Processing PersistenceUnitInfo [name: default]
2025-12-28T00:21:02.003+05:30  INFO 15032 --- [auth-service] [main] [                                                 ] org.hibernate.Version                    : HHH000412: Hibernate ORM core version 6.6.39.Final
2025-12-28T00:21:02.040+05:30  INFO 15032 --- [auth-service] [main] [                                                 ] o.h.c.internal.RegionFactoryInitiator    : HHH000026: Second-level cache disabled
2025-12-28T00:21:02.360+05:30  INFO 15032 --- [auth-service] [main] [                                                 ] o.s.o.j.p.SpringPersistenceUnitInfo      : No LoadTimeWeaver setup: ignoring JPA class transformer
2025-12-28T00:21:02.475+05:30  INFO 15032 --- [auth-service] [main] [                                                 ] org.hibernate.orm.connections.pooling    : HHH10001005: Database info:
	Database JDBC URL [Connecting through datasource 'HikariDataSource (HikariPool-1)']
	Database driver: undefined/unknown
	Database version: 18.0
	Autocommit mode: undefined/unknown
	Isolation level: undefined/unknown
	Minimum pool size: undefined/unknown
	Maximum pool size: undefined/unknown
2025-12-28T00:21:02.829+05:30  INFO 15032 --- [auth-service] [main] [                                                 ] o.h.e.t.j.p.i.JtaPlatformInitiator       : HHH000489: No JTA platform available (set 'hibernate.transaction.jta.platform' to enable JTA platform integration)
2025-12-28T00:21:02.835+05:30  INFO 15032 --- [auth-service] [main] [                                                 ] j.LocalContainerEntityManagerFactoryBean : Initialized JPA EntityManagerFactory for persistence unit 'default'
2025-12-28T00:21:02.919+05:30  WARN 15032 --- [auth-service] [main] [                                                 ] JpaBaseConfiguration$JpaWebConfiguration : spring.jpa.open-in-view is enabled by default. Therefore, database queries may be performed during view rendering. Explicitly configure spring.jpa.open-in-view to disable this warning
2025-12-28T00:21:03.253+05:30  INFO 15032 --- [auth-service] [main] [                                                 ] o.s.b.a.e.web.EndpointLinksResolver      : Exposing 1 endpoint beneath base path '/actuator'
2025-12-28T00:21:03.282+05:30  WARN 15032 --- [auth-service] [main] [                                                 ] .s.s.UserDetailsServiceAutoConfiguration : 

Using generated security password: 623bbaee-cd49-459c-ae99-f739d7346c75

This generated password is for development use only. Your security configuration must be updated before running your application in production.

2025-12-28T00:21:03.289+05:30  INFO 15032 --- [auth-service] [main] [                                                 ] r$InitializeUserDetailsManagerConfigurer : Global AuthenticationManager configured with UserDetailsService bean with name inMemoryUserDetailsManager
2025-12-28T00:21:03.741+05:30  INFO 15032 --- [auth-service] [main] [                                                 ] o.s.b.w.embedded.tomcat.TomcatWebServer  : Tomcat started on port 8081 (http) with context path '/'
2025-12-28T00:21:03.755+05:30  INFO 15032 --- [auth-service] [main] [                                                 ] c.t.auth.AuthServiceApplication          : Started AuthServiceApplication in 5.153 seconds (process running for 5.731)
2025-12-28T00:23:32.308+05:30  INFO 15032 --- [auth-service] [http-nio-8081-exec-1] [                                                 ] o.a.c.c.C.[Tomcat].[localhost].[/]       : Initializing Spring DispatcherServlet 'dispatcherServlet'
2025-12-28T00:23:32.308+05:30  INFO 15032 --- [auth-service] [http-nio-8081-exec-1] [                                                 ] o.s.web.servlet.DispatcherServlet        : Initializing Servlet 'dispatcherServlet'
2025-12-28T00:23:32.312+05:30  INFO 15032 --- [auth-service] [http-nio-8081-exec-1] [                                                 ] o.s.web.servlet.DispatcherServlet        : Completed initialization in 3 ms
2025-12-28T00:23:32.688+05:30  INFO 15032 --- [auth-service] [http-nio-8081-exec-1] [69502b2cf34d2593c8f4f51af97bd543-bdb593cdd64817cf] c.ticketblitz.auth.service.AuthService   : Login attempt for user: abhinav
2025-12-28T00:23:33.680+05:30  INFO 15032 --- [auth-service] [http-nio-8081-exec-1] [69502b2cf34d2593c8f4f51af97bd543-bdb593cdd64817cf] c.ticketblitz.auth.service.AuthService   : Login successful for abhinav
2025-12-28T00:50:57.018+05:30  INFO 15032 --- [auth-service] [SpringApplicationShutdownHook] [                                                 ] o.s.b.w.e.tomcat.GracefulShutdown        : Commencing graceful shutdown. Waiting for active requests to complete
2025-12-28T00:50:57.035+05:30  INFO 15032 --- [auth-service] [tomcat-shutdown] [                                                 ] o.s.b.w.e.tomcat.GracefulShutdown        : Graceful shutdown complete
2025-12-28T00:50:57.047+05:30  INFO 15032 --- [auth-service] [SpringApplicationShutdownHook] [                                                 ] j.LocalContainerEntityManagerFactoryBean : Closing JPA EntityManagerFactory for persistence unit 'default'
2025-12-28T00:50:57.050+05:30  INFO 15032 --- [auth-service] [SpringApplicationShutdownHook] [                                                 ] com.zaxxer.hikari.HikariDataSource       : HikariPool-1 - Shutdown initiated...
2025-12-28T00:50:57.054+05:30  INFO 15032 --- [auth-service] [SpringApplicationShutdownHook] [                                                 ] com.zaxxer.hikari.HikariDataSource       : HikariPool-1 - Shutdown completed.
2025-12-28T01:12:48.716+05:30  INFO 14876 --- [auth-service] [main] [                                                 ] c.t.auth.AuthServiceApplication          : Starting AuthServiceApplication using Java 21.0.7 with PID 14876 (C:\FS Projects\TicketBlitz\auth-service\target\classes started by Abhinav Pathak in C:\FS Projects\TicketBlitz)
2025-12-28T01:12:48.718+05:30 DEBUG 14876 --- [auth-service] [main] [                                                 ] c.t.auth.AuthServiceApplication          : Running with Spring Boot v3.5.9, Spring v6.2.15
2025-12-28T01:12:48.720+05:30  INFO 14876 --- [auth-service] [main] [                                                 ] c.t.auth.AuthServiceApplication          : No active profile set, falling back to 1 default profile: "default"
2025-12-28T01:12:49.746+05:30  INFO 14876 --- [auth-service] [main] [                                                 ] .s.d.r.c.RepositoryConfigurationDelegate : Bootstrapping Spring Data JPA repositories in DEFAULT mode.
2025-12-28T01:12:49.772+05:30  INFO 14876 --- [auth-service] [main] [                                                 ] .s.d.r.c.RepositoryConfigurationDelegate : Finished Spring Data repository scanning in 14 ms. Found 0 JPA repository interfaces.
2025-12-28T01:12:49.941+05:30  INFO 14876 --- [auth-service] [main] [                                                 ] o.s.cloud.context.scope.GenericScope     : BeanFactory id=b7ff5e4a-0bb6-35f2-843c-ba2a7a7da8a4
2025-12-28T01:12:50.281+05:30  INFO 14876 --- [auth-service] [main] [                                                 ] o.s.b.w.embedded.tomcat.TomcatWebServer  : Tomcat initialized with port 8081 (http)
2025-12-28T01:12:50.294+05:30  INFO 14876 --- [auth-service] [main] [                                                 ] o.apache.catalina.core.StandardService   : Starting service [Tomcat]
2025-12-28T01:12:50.295+05:30  INFO 14876 --- [auth-service] [main] [                                                 ] o.apache.catalina.core.StandardEngine    : Starting Servlet engine: [Apache Tomcat/10.1.50]
2025-12-28T01:12:50.356+05:30  INFO 14876 --- [auth-service] [main] [                                                 ] o.a.c.c.C.[Tomcat].[localhost].[/]       : Initializing Spring embedded WebApplicationContext
2025-12-28T01:12:50.356+05:30  INFO 14876 --- [auth-service] [main] [                                                 ] w.s.c.ServletWebServerApplicationContext : Root WebApplicationContext: initialization completed in 1586 ms
2025-12-28T01:12:50.723+05:30  INFO 14876 --- [auth-service] [main] [                                                 ] com.zaxxer.hikari.HikariDataSource       : HikariPool-1 - Starting...
2025-12-28T01:12:50.865+05:30  INFO 14876 --- [auth-service] [main] [                                                 ] com.zaxxer.hikari.pool.HikariPool        : HikariPool-1 - Added connection org.postgresql.jdbc.PgConnection@22cd8ec2
2025-12-28T01:12:50.866+05:30  INFO 14876 --- [auth-service] [main] [                                                 ] com.zaxxer.hikari.HikariDataSource       : HikariPool-1 - Start completed.
2025-12-28T01:12:50.892+05:30  INFO 14876 --- [auth-service] [main] [                                                 ] org.flywaydb.core.FlywayExecutor         : Database: jdbc:postgresql://localhost:5432/ticketblitz_auth (PostgreSQL 18.0)
2025-12-28T01:12:50.906+05:30  WARN 14876 --- [auth-service] [main] [                                                 ] o.f.c.internal.database.base.Database    : Flyway upgrade recommended: PostgreSQL 18.0 is newer than this version of Flyway and support has not been tested. The latest supported version of PostgreSQL is 17.
2025-12-28T01:12:50.954+05:30  INFO 14876 --- [auth-service] [main] [                                                 ] o.f.core.internal.command.DbValidate     : Successfully validated 1 migration (execution time 00:00.035s)
2025-12-28T01:12:51.034+05:30  INFO 14876 --- [auth-service] [main] [                                                 ] o.f.core.internal.command.DbMigrate      : Current version of schema "public": 1
2025-12-28T01:12:51.038+05:30  INFO 14876 --- [auth-service] [main] [                                                 ] o.f.core.internal.command.DbMigrate      : Schema "public" is up to date. No migration necessary.
2025-12-28T01:12:51.155+05:30  INFO 14876 --- [auth-service] [main] [                                                 ] o.hibernate.jpa.internal.util.LogHelper  : HHH000204: Processing PersistenceUnitInfo [name: default]
2025-12-28T01:12:51.231+05:30  INFO 14876 --- [auth-service] [main] [                                                 ] org.hibernate.Version                    : HHH000412: Hibernate ORM core version 6.6.39.Final
2025-12-28T01:12:51.273+05:30  INFO 14876 --- [auth-service] [main] [                                                 ] o.h.c.internal.RegionFactoryInitiator    : HHH000026: Second-level cache disabled
2025-12-28T01:12:51.583+05:30  INFO 14876 --- [auth-service] [main] [                                                 ] o.s.o.j.p.SpringPersistenceUnitInfo      : No LoadTimeWeaver setup: ignoring JPA class transformer
2025-12-28T01:12:51.700+05:30  INFO 14876 --- [auth-service] [main] [                                                 ] org.hibernate.orm.connections.pooling    : HHH10001005: Database info:
	Database JDBC URL [Connecting through datasource 'HikariDataSource (HikariPool-1)']
	Database driver: undefined/unknown
	Database version: 18.0
	Autocommit mode: undefined/unknown
	Isolation level: undefined/unknown
	Minimum pool size: undefined/unknown
	Maximum pool size: undefined/unknown
2025-12-28T01:12:52.064+05:30  INFO 14876 --- [auth-service] [main] [                                                 ] o.h.e.t.j.p.i.JtaPlatformInitiator       : HHH000489: No JTA platform available (set 'hibernate.transaction.jta.platform' to enable JTA platform integration)
2025-12-28T01:12:52.069+05:30  INFO 14876 --- [auth-service] [main] [                                                 ] j.LocalContainerEntityManagerFactoryBean : Initialized JPA EntityManagerFactory for persistence unit 'default'
2025-12-28T01:12:52.153+05:30  WARN 14876 --- [auth-service] [main] [                                                 ] JpaBaseConfiguration$JpaWebConfiguration : spring.jpa.open-in-view is enabled by default. Therefore, database queries may be performed during view rendering. Explicitly configure spring.jpa.open-in-view to disable this warning
2025-12-28T01:12:52.534+05:30  INFO 14876 --- [auth-service] [main] [                                                 ] o.s.b.a.e.web.EndpointLinksResolver      : Exposing 1 endpoint beneath base path '/actuator'
2025-12-28T01:12:52.564+05:30  WARN 14876 --- [auth-service] [main] [                                                 ] .s.s.UserDetailsServiceAutoConfiguration : 

Using generated security password: 65e03720-9101-4315-a6f4-e3762032dc50

This generated password is for development use only. Your security configuration must be updated before running your application in production.

2025-12-28T01:12:52.571+05:30  INFO 14876 --- [auth-service] [main] [                                                 ] r$InitializeUserDetailsManagerConfigurer : Global AuthenticationManager configured with UserDetailsService bean with name inMemoryUserDetailsManager
2025-12-28T01:12:52.970+05:30  INFO 14876 --- [auth-service] [main] [                                                 ] o.s.b.w.embedded.tomcat.TomcatWebServer  : Tomcat started on port 8081 (http) with context path '/'
2025-12-28T01:12:52.983+05:30  INFO 14876 --- [auth-service] [main] [                                                 ] c.t.auth.AuthServiceApplication          : Started AuthServiceApplication in 4.832 seconds (process running for 5.426)
2025-12-28T01:18:13.679+05:30  INFO 14876 --- [auth-service] [http-nio-8081-exec-1] [                                                 ] o.a.c.c.C.[Tomcat].[localhost].[/]       : Initializing Spring DispatcherServlet 'dispatcherServlet'
2025-12-28T01:18:13.682+05:30  INFO 14876 --- [auth-service] [http-nio-8081-exec-1] [                                                 ] o.s.web.servlet.DispatcherServlet        : Initializing Servlet 'dispatcherServlet'
2025-12-28T01:18:13.684+05:30  INFO 14876 --- [auth-service] [http-nio-8081-exec-1] [                                                 ] o.s.web.servlet.DispatcherServlet        : Completed initialization in 2 ms
2025-12-28T01:18:13.967+05:30  INFO 14876 --- [auth-service] [http-nio-8081-exec-1] [695037fd4df9caa374d5ebcad84cbb42-04a8c65bd8ba108d] c.ticketblitz.auth.service.AuthService   : Login attempt for user: abhinav
2025-12-28T01:18:14.904+05:30  INFO 14876 --- [auth-service] [http-nio-8081-exec-1] [695037fd4df9caa374d5ebcad84cbb42-04a8c65bd8ba108d] c.ticketblitz.auth.service.AuthService   : Login successful for abhinav
2025-12-28T01:56:48.313+05:30  INFO 14876 --- [auth-service] [SpringApplicationShutdownHook] [                                                 ] o.s.b.w.e.tomcat.GracefulShutdown        : Commencing graceful shutdown. Waiting for active requests to complete
2025-12-28T01:56:48.327+05:30  INFO 14876 --- [auth-service] [tomcat-shutdown] [                                                 ] o.s.b.w.e.tomcat.GracefulShutdown        : Graceful shutdown complete
2025-12-28T01:56:48.338+05:30  INFO 14876 --- [auth-service] [SpringApplicationShutdownHook] [                                                 ] j.LocalContainerEntityManagerFactoryBean : Closing JPA EntityManagerFactory for persistence unit 'default'
2025-12-28T01:56:48.343+05:30  INFO 14876 --- [auth-service] [SpringApplicationShutdownHook] [                                                 ] com.zaxxer.hikari.HikariDataSource       : HikariPool-1 - Shutdown initiated...
2025-12-28T01:56:48.346+05:30  INFO 14876 --- [auth-service] [SpringApplicationShutdownHook] [                                                 ] com.zaxxer.hikari.HikariDataSource       : HikariPool-1 - Shutdown completed.
2025-12-28T01:58:20.904+05:30  INFO 20368 --- [auth-service] [main] [                                                 ] c.t.auth.AuthServiceApplication          : Starting AuthServiceApplication using Java 21.0.7 with PID 20368 (C:\FS Projects\TicketBlitz\auth-service\target\classes started by Abhinav Pathak in C:\FS Projects\TicketBlitz)
2025-12-28T01:58:20.908+05:30 DEBUG 20368 --- [auth-service] [main] [                                                 ] c.t.auth.AuthServiceApplication          : Running with Spring Boot v3.5.9, Spring v6.2.15
2025-12-28T01:58:20.909+05:30  INFO 20368 --- [auth-service] [main] [                                                 ] c.t.auth.AuthServiceApplication          : No active profile set, falling back to 1 default profile: "default"
2025-12-28T01:58:21.875+05:30  INFO 20368 --- [auth-service] [main] [                                                 ] .s.d.r.c.RepositoryConfigurationDelegate : Bootstrapping Spring Data JPA repositories in DEFAULT mode.
2025-12-28T01:58:21.896+05:30  INFO 20368 --- [auth-service] [main] [                                                 ] .s.d.r.c.RepositoryConfigurationDelegate : Finished Spring Data repository scanning in 12 ms. Found 0 JPA repository interfaces.
2025-12-28T01:58:22.040+05:30  INFO 20368 --- [auth-service] [main] [                                                 ] o.s.cloud.context.scope.GenericScope     : BeanFactory id=b7ff5e4a-0bb6-35f2-843c-ba2a7a7da8a4
2025-12-28T01:58:22.355+05:30  INFO 20368 --- [auth-service] [main] [                                                 ] o.s.b.w.embedded.tomcat.TomcatWebServer  : Tomcat initialized with port 8081 (http)
2025-12-28T01:58:22.371+05:30  INFO 20368 --- [auth-service] [main] [                                                 ] o.apache.catalina.core.StandardService   : Starting service [Tomcat]
2025-12-28T01:58:22.371+05:30  INFO 20368 --- [auth-service] [main] [                                                 ] o.apache.catalina.core.StandardEngine    : Starting Servlet engine: [Apache Tomcat/10.1.50]
2025-12-28T01:58:22.434+05:30  INFO 20368 --- [auth-service] [main] [                                                 ] o.a.c.c.C.[Tomcat].[localhost].[/]       : Initializing Spring embedded WebApplicationContext
2025-12-28T01:58:22.435+05:30  INFO 20368 --- [auth-service] [main] [                                                 ] w.s.c.ServletWebServerApplicationContext : Root WebApplicationContext: initialization completed in 1479 ms
2025-12-28T01:58:22.800+05:30  INFO 20368 --- [auth-service] [main] [                                                 ] com.zaxxer.hikari.HikariDataSource       : HikariPool-1 - Starting...
2025-12-28T01:58:22.975+05:30  INFO 20368 --- [auth-service] [main] [                                                 ] com.zaxxer.hikari.pool.HikariPool        : HikariPool-1 - Added connection org.postgresql.jdbc.PgConnection@56cd5d76
2025-12-28T01:58:22.976+05:30  INFO 20368 --- [auth-service] [main] [                                                 ] com.zaxxer.hikari.HikariDataSource       : HikariPool-1 - Start completed.
2025-12-28T01:58:23.004+05:30  INFO 20368 --- [auth-service] [main] [                                                 ] org.flywaydb.core.FlywayExecutor         : Database: jdbc:postgresql://localhost:5432/ticketblitz_auth (PostgreSQL 18.0)
2025-12-28T01:58:23.019+05:30  WARN 20368 --- [auth-service] [main] [                                                 ] o.f.c.internal.database.base.Database    : Flyway upgrade recommended: PostgreSQL 18.0 is newer than this version of Flyway and support has not been tested. The latest supported version of PostgreSQL is 17.
2025-12-28T01:58:23.069+05:30  INFO 20368 --- [auth-service] [main] [                                                 ] o.f.core.internal.command.DbValidate     : Successfully validated 1 migration (execution time 00:00.033s)
2025-12-28T01:58:23.170+05:30  INFO 20368 --- [auth-service] [main] [                                                 ] o.f.core.internal.command.DbMigrate      : Current version of schema "public": 1
2025-12-28T01:58:23.173+05:30  INFO 20368 --- [auth-service] [main] [                                                 ] o.f.core.internal.command.DbMigrate      : Schema "public" is up to date. No migration necessary.
2025-12-28T01:58:23.264+05:30  INFO 20368 --- [auth-service] [main] [                                                 ] o.hibernate.jpa.internal.util.LogHelper  : HHH000204: Processing PersistenceUnitInfo [name: default]
2025-12-28T01:58:23.309+05:30  INFO 20368 --- [auth-service] [main] [                                                 ] org.hibernate.Version                    : HHH000412: Hibernate ORM core version 6.6.39.Final
2025-12-28T01:58:23.340+05:30  INFO 20368 --- [auth-service] [main] [                                                 ] o.h.c.internal.RegionFactoryInitiator    : HHH000026: Second-level cache disabled
2025-12-28T01:58:23.589+05:30  INFO 20368 --- [auth-service] [main] [                                                 ] o.s.o.j.p.SpringPersistenceUnitInfo      : No LoadTimeWeaver setup: ignoring JPA class transformer
2025-12-28T01:58:23.665+05:30  INFO 20368 --- [auth-service] [main] [                                                 ] org.hibernate.orm.connections.pooling    : HHH10001005: Database info:
	Database JDBC URL [Connecting through datasource 'HikariDataSource (HikariPool-1)']
	Database driver: undefined/unknown
	Database version: 18.0
	Autocommit mode: undefined/unknown
	Isolation level: undefined/unknown
	Minimum pool size: undefined/unknown
	Maximum pool size: undefined/unknown
2025-12-28T01:58:23.964+05:30  INFO 20368 --- [auth-service] [main] [                                                 ] o.h.e.t.j.p.i.JtaPlatformInitiator       : HHH000489: No JTA platform available (set 'hibernate.transaction.jta.platform' to enable JTA platform integration)
2025-12-28T01:58:23.968+05:30  INFO 20368 --- [auth-service] [main] [                                                 ] j.LocalContainerEntityManagerFactoryBean : Initialized JPA EntityManagerFactory for persistence unit 'default'
2025-12-28T01:58:24.054+05:30  WARN 20368 --- [auth-service] [main] [                                                 ] JpaBaseConfiguration$JpaWebConfiguration : spring.jpa.open-in-view is enabled by default. Therefore, database queries may be performed during view rendering. Explicitly configure spring.jpa.open-in-view to disable this warning
2025-12-28T01:58:24.356+05:30  INFO 20368 --- [auth-service] [main] [                                                 ] o.s.b.a.e.web.EndpointLinksResolver      : Exposing 1 endpoint beneath base path '/actuator'
2025-12-28T01:58:24.381+05:30  WARN 20368 --- [auth-service] [main] [                                                 ] .s.s.UserDetailsServiceAutoConfiguration : 

Using generated security password: 6ac28242-1953-4c56-acec-1683af9bc908

This generated password is for development use only. Your security configuration must be updated before running your application in production.

2025-12-28T01:58:24.388+05:30  INFO 20368 --- [auth-service] [main] [                                                 ] r$InitializeUserDetailsManagerConfigurer : Global AuthenticationManager configured with UserDetailsService bean with name inMemoryUserDetailsManager
2025-12-28T01:58:24.757+05:30  INFO 20368 --- [auth-service] [main] [                                                 ] o.s.b.w.embedded.tomcat.TomcatWebServer  : Tomcat started on port 8081 (http) with context path '/'
2025-12-28T01:58:24.771+05:30  INFO 20368 --- [auth-service] [main] [                                                 ] c.t.auth.AuthServiceApplication          : Started AuthServiceApplication in 4.396 seconds (process running for 4.952)
2025-12-28T02:00:51.529+05:30  INFO 20368 --- [auth-service] [http-nio-8081-exec-1] [                                                 ] o.a.c.c.C.[Tomcat].[localhost].[/]       : Initializing Spring DispatcherServlet 'dispatcherServlet'
2025-12-28T02:00:51.530+05:30  INFO 20368 --- [auth-service] [http-nio-8081-exec-1] [                                                 ] o.s.web.servlet.DispatcherServlet        : Initializing Servlet 'dispatcherServlet'
2025-12-28T02:00:51.533+05:30  INFO 20368 --- [auth-service] [http-nio-8081-exec-1] [                                                 ] o.s.web.servlet.DispatcherServlet        : Completed initialization in 2 ms
2025-12-28T02:00:51.861+05:30  INFO 20368 --- [auth-service] [http-nio-8081-exec-1] [695041fbe90f02e8860415e974c30b7d-a0f6bf828d1fc43d] c.ticketblitz.auth.service.AuthService   : Login attempt for user: abhinav
2025-12-28T02:00:52.813+05:30  INFO 20368 --- [auth-service] [http-nio-8081-exec-1] [695041fbe90f02e8860415e974c30b7d-a0f6bf828d1fc43d] c.ticketblitz.auth.service.AuthService   : Login successful for abhinav
2025-12-28T02:44:56.575+05:30  INFO 20368 --- [auth-service] [SpringApplicationShutdownHook] [                                                 ] o.s.b.w.e.tomcat.GracefulShutdown        : Commencing graceful shutdown. Waiting for active requests to complete
2025-12-28T02:44:56.615+05:30  INFO 20368 --- [auth-service] [tomcat-shutdown] [                                                 ] o.s.b.w.e.tomcat.GracefulShutdown        : Graceful shutdown complete
2025-12-28T02:44:56.637+05:30  INFO 20368 --- [auth-service] [SpringApplicationShutdownHook] [                                                 ] j.LocalContainerEntityManagerFactoryBean : Closing JPA EntityManagerFactory for persistence unit 'default'
2025-12-28T02:44:56.645+05:30  INFO 20368 --- [auth-service] [SpringApplicationShutdownHook] [                                                 ] com.zaxxer.hikari.HikariDataSource       : HikariPool-1 - Shutdown initiated...
2025-12-28T02:44:56.649+05:30  INFO 20368 --- [auth-service] [SpringApplicationShutdownHook] [                                                 ] com.zaxxer.hikari.HikariDataSource       : HikariPool-1 - Shutdown completed.
2025-12-28T19:19:12.107+05:30  INFO 12376 --- [auth-service] [main] [                                                 ] c.t.auth.AuthServiceApplication          : Starting AuthServiceApplication using Java 21.0.7 with PID 12376 (C:\FS Projects\TicketBlitz\auth-service\target\classes started by Abhinav Pathak in C:\FS Projects\TicketBlitz)
2025-12-28T19:19:12.110+05:30 DEBUG 12376 --- [auth-service] [main] [                                                 ] c.t.auth.AuthServiceApplication          : Running with Spring Boot v3.5.9, Spring v6.2.15
2025-12-28T19:19:12.112+05:30  INFO 12376 --- [auth-service] [main] [                                                 ] c.t.auth.AuthServiceApplication          : No active profile set, falling back to 1 default profile: "default"
2025-12-28T19:19:13.177+05:30  INFO 12376 --- [auth-service] [main] [                                                 ] .s.d.r.c.RepositoryConfigurationDelegate : Bootstrapping Spring Data JPA repositories in DEFAULT mode.
2025-12-28T19:19:13.201+05:30  INFO 12376 --- [auth-service] [main] [                                                 ] .s.d.r.c.RepositoryConfigurationDelegate : Finished Spring Data repository scanning in 12 ms. Found 0 JPA repository interfaces.
2025-12-28T19:19:13.374+05:30  INFO 12376 --- [auth-service] [main] [                                                 ] o.s.cloud.context.scope.GenericScope     : BeanFactory id=b7ff5e4a-0bb6-35f2-843c-ba2a7a7da8a4
2025-12-28T19:19:13.747+05:30  INFO 12376 --- [auth-service] [main] [                                                 ] o.s.b.w.embedded.tomcat.TomcatWebServer  : Tomcat initialized with port 8081 (http)
2025-12-28T19:19:13.764+05:30  INFO 12376 --- [auth-service] [main] [                                                 ] o.apache.catalina.core.StandardService   : Starting service [Tomcat]
2025-12-28T19:19:13.765+05:30  INFO 12376 --- [auth-service] [main] [                                                 ] o.apache.catalina.core.StandardEngine    : Starting Servlet engine: [Apache Tomcat/10.1.50]
2025-12-28T19:19:13.834+05:30  INFO 12376 --- [auth-service] [main] [                                                 ] o.a.c.c.C.[Tomcat].[localhost].[/]       : Initializing Spring embedded WebApplicationContext
2025-12-28T19:19:13.834+05:30  INFO 12376 --- [auth-service] [main] [                                                 ] w.s.c.ServletWebServerApplicationContext : Root WebApplicationContext: initialization completed in 1672 ms
2025-12-28T19:19:14.237+05:30  INFO 12376 --- [auth-service] [main] [                                                 ] com.zaxxer.hikari.HikariDataSource       : HikariPool-1 - Starting...
2025-12-28T19:19:14.444+05:30  INFO 12376 --- [auth-service] [main] [                                                 ] com.zaxxer.hikari.pool.HikariPool        : HikariPool-1 - Added connection org.postgresql.jdbc.PgConnection@18811c42
2025-12-28T19:19:14.446+05:30  INFO 12376 --- [auth-service] [main] [                                                 ] com.zaxxer.hikari.HikariDataSource       : HikariPool-1 - Start completed.
2025-12-28T19:19:14.496+05:30  INFO 12376 --- [auth-service] [main] [                                                 ] org.flywaydb.core.FlywayExecutor         : Database: jdbc:postgresql://localhost:5432/ticketblitz_auth (PostgreSQL 18.0)
2025-12-28T19:19:14.528+05:30  WARN 12376 --- [auth-service] [main] [                                                 ] o.f.c.internal.database.base.Database    : Flyway upgrade recommended: PostgreSQL 18.0 is newer than this version of Flyway and support has not been tested. The latest supported version of PostgreSQL is 17.
2025-12-28T19:19:14.590+05:30  INFO 12376 --- [auth-service] [main] [                                                 ] o.f.core.internal.command.DbValidate     : Successfully validated 1 migration (execution time 00:00.039s)
2025-12-28T19:19:14.623+05:30  INFO 12376 --- [auth-service] [main] [                                                 ] o.f.core.internal.command.DbMigrate      : Current version of schema "public": 1
2025-12-28T19:19:14.627+05:30  INFO 12376 --- [auth-service] [main] [                                                 ] o.f.core.internal.command.DbMigrate      : Schema "public" is up to date. No migration necessary.
2025-12-28T19:19:14.726+05:30  INFO 12376 --- [auth-service] [main] [                                                 ] o.hibernate.jpa.internal.util.LogHelper  : HHH000204: Processing PersistenceUnitInfo [name: default]
2025-12-28T19:19:14.788+05:30  INFO 12376 --- [auth-service] [main] [                                                 ] org.hibernate.Version                    : HHH000412: Hibernate ORM core version 6.6.39.Final
2025-12-28T19:19:14.828+05:30  INFO 12376 --- [auth-service] [main] [                                                 ] o.h.c.internal.RegionFactoryInitiator    : HHH000026: Second-level cache disabled
2025-12-28T19:19:15.118+05:30  INFO 12376 --- [auth-service] [main] [                                                 ] o.s.o.j.p.SpringPersistenceUnitInfo      : No LoadTimeWeaver setup: ignoring JPA class transformer
2025-12-28T19:19:15.235+05:30  INFO 12376 --- [auth-service] [main] [                                                 ] org.hibernate.orm.connections.pooling    : HHH10001005: Database info:
	Database JDBC URL [Connecting through datasource 'HikariDataSource (HikariPool-1)']
	Database driver: undefined/unknown
	Database version: 18.0
	Autocommit mode: undefined/unknown
	Isolation level: undefined/unknown
	Minimum pool size: undefined/unknown
	Maximum pool size: undefined/unknown
2025-12-28T19:19:15.578+05:30  INFO 12376 --- [auth-service] [main] [                                                 ] o.h.e.t.j.p.i.JtaPlatformInitiator       : HHH000489: No JTA platform available (set 'hibernate.transaction.jta.platform' to enable JTA platform integration)
2025-12-28T19:19:15.586+05:30  INFO 12376 --- [auth-service] [main] [                                                 ] j.LocalContainerEntityManagerFactoryBean : Initialized JPA EntityManagerFactory for persistence unit 'default'
2025-12-28T19:19:15.706+05:30  WARN 12376 --- [auth-service] [main] [                                                 ] JpaBaseConfiguration$JpaWebConfiguration : spring.jpa.open-in-view is enabled by default. Therefore, database queries may be performed during view rendering. Explicitly configure spring.jpa.open-in-view to disable this warning
2025-12-28T19:19:16.082+05:30  INFO 12376 --- [auth-service] [main] [                                                 ] o.s.b.a.e.web.EndpointLinksResolver      : Exposing 1 endpoint beneath base path '/actuator'
2025-12-28T19:19:16.116+05:30  WARN 12376 --- [auth-service] [main] [                                                 ] .s.s.UserDetailsServiceAutoConfiguration : 

Using generated security password: 6ee8a3c5-fed2-4da9-bd33-8dedb6c7d45c

This generated password is for development use only. Your security configuration must be updated before running your application in production.

2025-12-28T19:19:16.125+05:30  INFO 12376 --- [auth-service] [main] [                                                 ] r$InitializeUserDetailsManagerConfigurer : Global AuthenticationManager configured with UserDetailsService bean with name inMemoryUserDetailsManager
2025-12-28T19:19:16.633+05:30  INFO 12376 --- [auth-service] [main] [                                                 ] o.s.b.w.embedded.tomcat.TomcatWebServer  : Tomcat started on port 8081 (http) with context path '/'
2025-12-28T19:19:16.650+05:30  INFO 12376 --- [auth-service] [main] [                                                 ] c.t.auth.AuthServiceApplication          : Started AuthServiceApplication in 5.096 seconds (process running for 5.738)
2025-12-28T19:20:04.169+05:30  INFO 12376 --- [auth-service] [http-nio-8081-exec-1] [                                                 ] o.a.c.c.C.[Tomcat].[localhost].[/]       : Initializing Spring DispatcherServlet 'dispatcherServlet'
2025-12-28T19:20:04.171+05:30  INFO 12376 --- [auth-service] [http-nio-8081-exec-1] [                                                 ] o.s.web.servlet.DispatcherServlet        : Initializing Servlet 'dispatcherServlet'
2025-12-28T19:20:04.173+05:30  INFO 12376 --- [auth-service] [http-nio-8081-exec-1] [                                                 ] o.s.web.servlet.DispatcherServlet        : Completed initialization in 2 ms
2025-12-28T19:20:04.502+05:30  INFO 12376 --- [auth-service] [http-nio-8081-exec-1] [6951358b02bef24ca4e76e6bf9fc1db8-a4995736bcfe75d4] c.ticketblitz.auth.service.AuthService   : Login attempt for user: abhinav
2025-12-28T19:20:05.501+05:30  INFO 12376 --- [auth-service] [http-nio-8081-exec-1] [6951358b02bef24ca4e76e6bf9fc1db8-a4995736bcfe75d4] c.ticketblitz.auth.service.AuthService   : Login successful for abhinav
2025-12-28T19:52:05.663+05:30  INFO 12376 --- [auth-service] [SpringApplicationShutdownHook] [                                                 ] o.s.b.w.e.tomcat.GracefulShutdown        : Commencing graceful shutdown. Waiting for active requests to complete
2025-12-28T19:52:05.688+05:30  INFO 12376 --- [auth-service] [tomcat-shutdown] [                                                 ] o.s.b.w.e.tomcat.GracefulShutdown        : Graceful shutdown complete
2025-12-28T19:52:05.700+05:30  INFO 12376 --- [auth-service] [SpringApplicationShutdownHook] [                                                 ] j.LocalContainerEntityManagerFactoryBean : Closing JPA EntityManagerFactory for persistence unit 'default'
2025-12-28T19:52:05.703+05:30  INFO 12376 --- [auth-service] [SpringApplicationShutdownHook] [                                                 ] com.zaxxer.hikari.HikariDataSource       : HikariPool-1 - Shutdown initiated...
2025-12-28T19:52:05.706+05:30  INFO 12376 --- [auth-service] [SpringApplicationShutdownHook] [                                                 ] com.zaxxer.hikari.HikariDataSource       : HikariPool-1 - Shutdown completed.
2025-12-28T21:12:46.555+05:30  INFO [auth-service,,] 17344 --- [auth-service] [main] [                                                 ] c.t.auth.AuthServiceApplication          : Starting AuthServiceApplication using Java 21.0.7 with PID 17344 (C:\FS Projects\TicketBlitz\auth-service\target\classes started by Abhinav Pathak in C:\FS Projects\TicketBlitz)
2025-12-28T21:12:46.557+05:30 DEBUG [auth-service,,] 17344 --- [auth-service] [main] [                                                 ] c.t.auth.AuthServiceApplication          : Running with Spring Boot v3.5.9, Spring v6.2.15
2025-12-28T21:12:46.558+05:30  INFO [auth-service,,] 17344 --- [auth-service] [main] [                                                 ] c.t.auth.AuthServiceApplication          : No active profile set, falling back to 1 default profile: "default"
2025-12-28T21:12:47.568+05:30  INFO [auth-service,,] 17344 --- [auth-service] [main] [                                                 ] .s.d.r.c.RepositoryConfigurationDelegate : Bootstrapping Spring Data JPA repositories in DEFAULT mode.
2025-12-28T21:12:47.587+05:30  INFO [auth-service,,] 17344 --- [auth-service] [main] [                                                 ] .s.d.r.c.RepositoryConfigurationDelegate : Finished Spring Data repository scanning in 11 ms. Found 0 JPA repository interfaces.
2025-12-28T21:12:47.758+05:30  INFO [auth-service,,] 17344 --- [auth-service] [main] [                                                 ] o.s.cloud.context.scope.GenericScope     : BeanFactory id=4d2d9d96-b0e2-31a9-bdfc-6a0fbf2eaab9
2025-12-28T21:12:48.092+05:30  INFO [auth-service,,] 17344 --- [auth-service] [main] [                                                 ] o.s.b.w.embedded.tomcat.TomcatWebServer  : Tomcat initialized with port 8081 (http)
2025-12-28T21:12:48.105+05:30  INFO [auth-service,,] 17344 --- [auth-service] [main] [                                                 ] o.apache.catalina.core.StandardService   : Starting service [Tomcat]
2025-12-28T21:12:48.105+05:30  INFO [auth-service,,] 17344 --- [auth-service] [main] [                                                 ] o.apache.catalina.core.StandardEngine    : Starting Servlet engine: [Apache Tomcat/10.1.50]
2025-12-28T21:12:48.167+05:30  INFO [auth-service,,] 17344 --- [auth-service] [main] [                                                 ] o.a.c.c.C.[Tomcat].[localhost].[/]       : Initializing Spring embedded WebApplicationContext
2025-12-28T21:12:48.168+05:30  INFO [auth-service,,] 17344 --- [auth-service] [main] [                                                 ] w.s.c.ServletWebServerApplicationContext : Root WebApplicationContext: initialization completed in 1564 ms
2025-12-28T21:12:48.647+05:30  INFO [auth-service,,] 17344 --- [auth-service] [main] [                                                 ] com.zaxxer.hikari.HikariDataSource       : HikariPool-1 - Starting...
2025-12-28T21:12:48.811+05:30  INFO [auth-service,,] 17344 --- [auth-service] [main] [                                                 ] com.zaxxer.hikari.pool.HikariPool        : HikariPool-1 - Added connection org.postgresql.jdbc.PgConnection@4f676900
2025-12-28T21:12:48.812+05:30  INFO [auth-service,,] 17344 --- [auth-service] [main] [                                                 ] com.zaxxer.hikari.HikariDataSource       : HikariPool-1 - Start completed.
2025-12-28T21:12:48.836+05:30  INFO [auth-service,,] 17344 --- [auth-service] [main] [                                                 ] org.flywaydb.core.FlywayExecutor         : Database: jdbc:postgresql://localhost:5432/ticketblitz_auth (PostgreSQL 18.0)
2025-12-28T21:12:48.848+05:30  WARN [auth-service,,] 17344 --- [auth-service] [main] [                                                 ] o.f.c.internal.database.base.Database    : Flyway upgrade recommended: PostgreSQL 18.0 is newer than this version of Flyway and support has not been tested. The latest supported version of PostgreSQL is 17.
2025-12-28T21:12:48.891+05:30  INFO [auth-service,,] 17344 --- [auth-service] [main] [                                                 ] o.f.core.internal.command.DbValidate     : Successfully validated 1 migration (execution time 00:00.030s)
2025-12-28T21:12:48.956+05:30  INFO [auth-service,,] 17344 --- [auth-service] [main] [                                                 ] o.f.core.internal.command.DbMigrate      : Current version of schema "public": 1
2025-12-28T21:12:48.959+05:30  INFO [auth-service,,] 17344 --- [auth-service] [main] [                                                 ] o.f.core.internal.command.DbMigrate      : Schema "public" is up to date. No migration necessary.
2025-12-28T21:12:49.034+05:30  INFO [auth-service,,] 17344 --- [auth-service] [main] [                                                 ] o.hibernate.jpa.internal.util.LogHelper  : HHH000204: Processing PersistenceUnitInfo [name: default]
2025-12-28T21:12:49.073+05:30  INFO [auth-service,,] 17344 --- [auth-service] [main] [                                                 ] org.hibernate.Version                    : HHH000412: Hibernate ORM core version 6.6.39.Final
2025-12-28T21:12:49.102+05:30  INFO [auth-service,,] 17344 --- [auth-service] [main] [                                                 ] o.h.c.internal.RegionFactoryInitiator    : HHH000026: Second-level cache disabled
2025-12-28T21:12:49.338+05:30  INFO [auth-service,,] 17344 --- [auth-service] [main] [                                                 ] o.s.o.j.p.SpringPersistenceUnitInfo      : No LoadTimeWeaver setup: ignoring JPA class transformer
2025-12-28T21:12:49.411+05:30  INFO [auth-service,,] 17344 --- [auth-service] [main] [                                                 ] org.hibernate.orm.connections.pooling    : HHH10001005: Database info:
	Database JDBC URL [Connecting through datasource 'HikariDataSource (HikariPool-1)']
	Database driver: undefined/unknown
	Database version: 18.0
	Autocommit mode: undefined/unknown
	Isolation level: undefined/unknown
	Minimum pool size: undefined/unknown
	Maximum pool size: undefined/unknown
2025-12-28T21:12:49.702+05:30  INFO [auth-service,,] 17344 --- [auth-service] [main] [                                                 ] o.h.e.t.j.p.i.JtaPlatformInitiator       : HHH000489: No JTA platform available (set 'hibernate.transaction.jta.platform' to enable JTA platform integration)
2025-12-28T21:12:49.708+05:30  INFO [auth-service,,] 17344 --- [auth-service] [main] [                                                 ] j.LocalContainerEntityManagerFactoryBean : Initialized JPA EntityManagerFactory for persistence unit 'default'
2025-12-28T21:12:49.787+05:30  WARN [auth-service,,] 17344 --- [auth-service] [main] [                                                 ] JpaBaseConfiguration$JpaWebConfiguration : spring.jpa.open-in-view is enabled by default. Therefore, database queries may be performed during view rendering. Explicitly configure spring.jpa.open-in-view to disable this warning
2025-12-28T21:12:50.104+05:30  INFO [auth-service,,] 17344 --- [auth-service] [main] [                                                 ] o.s.b.a.e.web.EndpointLinksResolver      : Exposing 1 endpoint beneath base path '/actuator'
2025-12-28T21:12:50.128+05:30  WARN [auth-service,,] 17344 --- [auth-service] [main] [                                                 ] .s.s.UserDetailsServiceAutoConfiguration : 

Using generated security password: 71555b4e-09c4-47a1-ad81-25d8f2844a05

This generated password is for development use only. Your security configuration must be updated before running your application in production.

2025-12-28T21:12:50.138+05:30  INFO [auth-service,,] 17344 --- [auth-service] [main] [                                                 ] r$InitializeUserDetailsManagerConfigurer : Global AuthenticationManager configured with UserDetailsService bean with name inMemoryUserDetailsManager
2025-12-28T21:12:50.491+05:30  INFO [auth-service,,] 17344 --- [auth-service] [main] [                                                 ] o.s.b.w.embedded.tomcat.TomcatWebServer  : Tomcat started on port 8081 (http) with context path '/'
2025-12-28T21:12:50.506+05:30  INFO [auth-service,,] 17344 --- [auth-service] [main] [                                                 ] c.t.auth.AuthServiceApplication          : Started AuthServiceApplication in 4.532 seconds (process running for 5.115)
2025-12-28T21:14:20.274+05:30  INFO [auth-service,,] 17344 --- [auth-service] [http-nio-8081-exec-2] [                                                 ] o.a.c.c.C.[Tomcat].[localhost].[/]       : Initializing Spring DispatcherServlet 'dispatcherServlet'
2025-12-28T21:14:20.275+05:30  INFO [auth-service,,] 17344 --- [auth-service] [http-nio-8081-exec-2] [                                                 ] o.s.web.servlet.DispatcherServlet        : Initializing Servlet 'dispatcherServlet'
2025-12-28T21:14:20.278+05:30  INFO [auth-service,,] 17344 --- [auth-service] [http-nio-8081-exec-2] [                                                 ] o.s.web.servlet.DispatcherServlet        : Completed initialization in 1 ms
2025-12-28T21:14:20.643+05:30  INFO [auth-service,69515053c5dc5b1b3563b57ea7e7ede4,33492b1f35fc8464] 17344 --- [auth-service] [http-nio-8081-exec-2] [69515053c5dc5b1b3563b57ea7e7ede4-33492b1f35fc8464] c.ticketblitz.auth.service.AuthService   : Login attempt for user: abhinav
2025-12-28T21:14:21.685+05:30  INFO [auth-service,69515053c5dc5b1b3563b57ea7e7ede4,33492b1f35fc8464] 17344 --- [auth-service] [http-nio-8081-exec-2] [69515053c5dc5b1b3563b57ea7e7ede4-33492b1f35fc8464] c.ticketblitz.auth.service.AuthService   : Login successful for abhinav
2025-12-28T21:18:52.669+05:30  INFO [auth-service,,] 17344 --- [auth-service] [SpringApplicationShutdownHook] [                                                 ] o.s.b.w.e.tomcat.GracefulShutdown        : Commencing graceful shutdown. Waiting for active requests to complete
2025-12-28T21:18:52.690+05:30  INFO [auth-service,,] 17344 --- [auth-service] [tomcat-shutdown] [                                                 ] o.s.b.w.e.tomcat.GracefulShutdown        : Graceful shutdown complete
2025-12-28T21:18:52.704+05:30  INFO [auth-service,,] 17344 --- [auth-service] [SpringApplicationShutdownHook] [                                                 ] j.LocalContainerEntityManagerFactoryBean : Closing JPA EntityManagerFactory for persistence unit 'default'
2025-12-28T21:18:52.711+05:30  INFO [auth-service,,] 17344 --- [auth-service] [SpringApplicationShutdownHook] [                                                 ] com.zaxxer.hikari.HikariDataSource       : HikariPool-1 - Shutdown initiated...
2025-12-28T21:18:52.719+05:30  INFO [auth-service,,] 17344 --- [auth-service] [SpringApplicationShutdownHook] [                                                 ] com.zaxxer.hikari.HikariDataSource       : HikariPool-1 - Shutdown completed.
2025-12-28T21:25:34.612+05:30  INFO [auth-service,,] 9916 --- [auth-service] [main] [                                                 ] c.t.auth.AuthServiceApplication          : Starting AuthServiceApplication using Java 21.0.7 with PID 9916 (C:\FS Projects\TicketBlitz\auth-service\target\classes started by Abhinav Pathak in C:\FS Projects\TicketBlitz)
2025-12-28T21:25:34.615+05:30 DEBUG [auth-service,,] 9916 --- [auth-service] [main] [                                                 ] c.t.auth.AuthServiceApplication          : Running with Spring Boot v3.5.9, Spring v6.2.15
2025-12-28T21:25:34.616+05:30  INFO [auth-service,,] 9916 --- [auth-service] [main] [                                                 ] c.t.auth.AuthServiceApplication          : No active profile set, falling back to 1 default profile: "default"
2025-12-28T21:25:35.640+05:30  INFO [auth-service,,] 9916 --- [auth-service] [main] [                                                 ] .s.d.r.c.RepositoryConfigurationDelegate : Bootstrapping Spring Data JPA repositories in DEFAULT mode.
2025-12-28T21:25:35.660+05:30  INFO [auth-service,,] 9916 --- [auth-service] [main] [                                                 ] .s.d.r.c.RepositoryConfigurationDelegate : Finished Spring Data repository scanning in 11 ms. Found 0 JPA repository interfaces.
2025-12-28T21:25:35.855+05:30  INFO [auth-service,,] 9916 --- [auth-service] [main] [                                                 ] o.s.cloud.context.scope.GenericScope     : BeanFactory id=4d2d9d96-b0e2-31a9-bdfc-6a0fbf2eaab9
2025-12-28T21:25:36.207+05:30  INFO [auth-service,,] 9916 --- [auth-service] [main] [                                                 ] o.s.b.w.embedded.tomcat.TomcatWebServer  : Tomcat initialized with port 8081 (http)
2025-12-28T21:25:36.220+05:30  INFO [auth-service,,] 9916 --- [auth-service] [main] [                                                 ] o.apache.catalina.core.StandardService   : Starting service [Tomcat]
2025-12-28T21:25:36.221+05:30  INFO [auth-service,,] 9916 --- [auth-service] [main] [                                                 ] o.apache.catalina.core.StandardEngine    : Starting Servlet engine: [Apache Tomcat/10.1.50]
2025-12-28T21:25:36.282+05:30  INFO [auth-service,,] 9916 --- [auth-service] [main] [                                                 ] o.a.c.c.C.[Tomcat].[localhost].[/]       : Initializing Spring embedded WebApplicationContext
2025-12-28T21:25:36.282+05:30  INFO [auth-service,,] 9916 --- [auth-service] [main] [                                                 ] w.s.c.ServletWebServerApplicationContext : Root WebApplicationContext: initialization completed in 1617 ms
2025-12-28T21:25:36.832+05:30  INFO [auth-service,,] 9916 --- [auth-service] [main] [                                                 ] com.zaxxer.hikari.HikariDataSource       : HikariPool-1 - Starting...
2025-12-28T21:25:36.979+05:30  INFO [auth-service,,] 9916 --- [auth-service] [main] [                                                 ] com.zaxxer.hikari.pool.HikariPool        : HikariPool-1 - Added connection org.postgresql.jdbc.PgConnection@1ef93e01
2025-12-28T21:25:36.980+05:30  INFO [auth-service,,] 9916 --- [auth-service] [main] [                                                 ] com.zaxxer.hikari.HikariDataSource       : HikariPool-1 - Start completed.
2025-12-28T21:25:37.004+05:30  INFO [auth-service,,] 9916 --- [auth-service] [main] [                                                 ] org.flywaydb.core.FlywayExecutor         : Database: jdbc:postgresql://localhost:5432/ticketblitz_auth (PostgreSQL 18.0)
2025-12-28T21:25:37.016+05:30  WARN [auth-service,,] 9916 --- [auth-service] [main] [                                                 ] o.f.c.internal.database.base.Database    : Flyway upgrade recommended: PostgreSQL 18.0 is newer than this version of Flyway and support has not been tested. The latest supported version of PostgreSQL is 17.
2025-12-28T21:25:37.058+05:30  INFO [auth-service,,] 9916 --- [auth-service] [main] [                                                 ] o.f.core.internal.command.DbValidate     : Successfully validated 1 migration (execution time 00:00.030s)
2025-12-28T21:25:37.124+05:30  INFO [auth-service,,] 9916 --- [auth-service] [main] [                                                 ] o.f.core.internal.command.DbMigrate      : Current version of schema "public": 1
2025-12-28T21:25:37.126+05:30  INFO [auth-service,,] 9916 --- [auth-service] [main] [                                                 ] o.f.core.internal.command.DbMigrate      : Schema "public" is up to date. No migration necessary.
2025-12-28T21:25:37.222+05:30  INFO [auth-service,,] 9916 --- [auth-service] [main] [                                                 ] o.hibernate.jpa.internal.util.LogHelper  : HHH000204: Processing PersistenceUnitInfo [name: default]
2025-12-28T21:25:37.280+05:30  INFO [auth-service,,] 9916 --- [auth-service] [main] [                                                 ] org.hibernate.Version                    : HHH000412: Hibernate ORM core version 6.6.39.Final
2025-12-28T21:25:37.317+05:30  INFO [auth-service,,] 9916 --- [auth-service] [main] [                                                 ] o.h.c.internal.RegionFactoryInitiator    : HHH000026: Second-level cache disabled
2025-12-28T21:25:37.620+05:30  INFO [auth-service,,] 9916 --- [auth-service] [main] [                                                 ] o.s.o.j.p.SpringPersistenceUnitInfo      : No LoadTimeWeaver setup: ignoring JPA class transformer
2025-12-28T21:25:37.723+05:30  INFO [auth-service,,] 9916 --- [auth-service] [main] [                                                 ] org.hibernate.orm.connections.pooling    : HHH10001005: Database info:
	Database JDBC URL [Connecting through datasource 'HikariDataSource (HikariPool-1)']
	Database driver: undefined/unknown
	Database version: 18.0
	Autocommit mode: undefined/unknown
	Isolation level: undefined/unknown
	Minimum pool size: undefined/unknown
	Maximum pool size: undefined/unknown
2025-12-28T21:25:38.059+05:30  INFO [auth-service,,] 9916 --- [auth-service] [main] [                                                 ] o.h.e.t.j.p.i.JtaPlatformInitiator       : HHH000489: No JTA platform available (set 'hibernate.transaction.jta.platform' to enable JTA platform integration)
2025-12-28T21:25:38.065+05:30  INFO [auth-service,,] 9916 --- [auth-service] [main] [                                                 ] j.LocalContainerEntityManagerFactoryBean : Initialized JPA EntityManagerFactory for persistence unit 'default'
2025-12-28T21:25:38.158+05:30  WARN [auth-service,,] 9916 --- [auth-service] [main] [                                                 ] JpaBaseConfiguration$JpaWebConfiguration : spring.jpa.open-in-view is enabled by default. Therefore, database queries may be performed during view rendering. Explicitly configure spring.jpa.open-in-view to disable this warning
2025-12-28T21:25:38.533+05:30  INFO [auth-service,,] 9916 --- [auth-service] [main] [                                                 ] o.s.b.a.e.web.EndpointLinksResolver      : Exposing 1 endpoint beneath base path '/actuator'
2025-12-28T21:25:38.567+05:30  WARN [auth-service,,] 9916 --- [auth-service] [main] [                                                 ] .s.s.UserDetailsServiceAutoConfiguration : 

Using generated security password: 16033919-ee6a-40b9-82bc-36a8e49af2ad

This generated password is for development use only. Your security configuration must be updated before running your application in production.

2025-12-28T21:25:38.576+05:30  INFO [auth-service,,] 9916 --- [auth-service] [main] [                                                 ] r$InitializeUserDetailsManagerConfigurer : Global AuthenticationManager configured with UserDetailsService bean with name inMemoryUserDetailsManager
2025-12-28T21:25:39.070+05:30  INFO [auth-service,,] 9916 --- [auth-service] [main] [                                                 ] o.s.b.w.embedded.tomcat.TomcatWebServer  : Tomcat started on port 8081 (http) with context path '/'
2025-12-28T21:25:39.091+05:30  INFO [auth-service,,] 9916 --- [auth-service] [main] [                                                 ] c.t.auth.AuthServiceApplication          : Started AuthServiceApplication in 5.057 seconds (process running for 5.715)
2025-12-28T21:26:16.301+05:30  INFO [auth-service,,] 9916 --- [auth-service] [http-nio-8081-exec-1] [                                                 ] o.a.c.c.C.[Tomcat].[localhost].[/]       : Initializing Spring DispatcherServlet 'dispatcherServlet'
2025-12-28T21:26:16.302+05:30  INFO [auth-service,,] 9916 --- [auth-service] [http-nio-8081-exec-1] [                                                 ] o.s.web.servlet.DispatcherServlet        : Initializing Servlet 'dispatcherServlet'
2025-12-28T21:26:16.304+05:30  INFO [auth-service,,] 9916 --- [auth-service] [http-nio-8081-exec-1] [                                                 ] o.s.web.servlet.DispatcherServlet        : Completed initialization in 2 ms
2025-12-28T21:26:16.690+05:30  INFO [auth-service,6951531f07bd99898b557a31ce411ac1,60bd4ea453835eda] 9916 --- [auth-service] [http-nio-8081-exec-1] [6951531f07bd99898b557a31ce411ac1-60bd4ea453835eda] c.ticketblitz.auth.service.AuthService   : Login attempt for user: abhinav
2025-12-28T21:26:17.691+05:30  INFO [auth-service,6951531f07bd99898b557a31ce411ac1,60bd4ea453835eda] 9916 --- [auth-service] [http-nio-8081-exec-1] [6951531f07bd99898b557a31ce411ac1-60bd4ea453835eda] c.ticketblitz.auth.service.AuthService   : Login successful for abhinav
2025-12-28T21:26:20.217+05:30  WARN [auth-service,,] 9916 --- [auth-service] [AsyncReporter{ZipkinHttpClientSender{http://jaeger:9411/api/v2/spans}}] [                                                 ] z.r.i.AsyncReporter$BoundedAsyncReporter : Spans were dropped due to exceptions. All subsequent errors will be logged at FINE level.
2025-12-28T21:26:20.217+05:30  WARN [auth-service,,] 9916 --- [auth-service] [AsyncReporter{ZipkinHttpClientSender{http://jaeger:9411/api/v2/spans}}] [                                                 ] z.r.i.AsyncReporter$BoundedAsyncReporter : Dropped 2 spans due to ConnectException()

java.net.ConnectException
	at java.net.http/jdk.internal.net.http.HttpClientImpl.send(HttpClientImpl.java:952) ~[java.net.http:na]
	at java.net.http/jdk.internal.net.http.HttpClientFacade.send(HttpClientFacade.java:133) ~[java.net.http:na]
	at org.springframework.boot.actuate.autoconfigure.tracing.zipkin.ZipkinHttpClientSender.postSpans(ZipkinHttpClientSender.java:60) ~[spring-boot-actuator-autoconfigure-3.5.9.jar:3.5.9]
	at org.springframework.boot.actuate.autoconfigure.tracing.zipkin.HttpSender.postSpans(HttpSender.java:69) ~[spring-boot-actuator-autoconfigure-3.5.9.jar:3.5.9]
	at org.springframework.boot.actuate.autoconfigure.tracing.zipkin.HttpSender.postSpans(HttpSender.java:41) ~[spring-boot-actuator-autoconfigure-3.5.9.jar:3.5.9]
	at zipkin2.reporter.BaseHttpSender.send(BaseHttpSender.java:123) ~[zipkin-reporter-3.5.1.jar:na]
	at zipkin2.reporter.internal.AsyncReporter$BoundedAsyncReporter.flush(AsyncReporter.java:266) ~[zipkin-reporter-3.5.1.jar:na]
	at zipkin2.reporter.internal.AsyncReporter$Flusher.run(AsyncReporter.java:352) ~[zipkin-reporter-3.5.1.jar:na]
	at java.base/java.lang.Thread.run(Thread.java:1583) ~[na:na]
Caused by: java.net.ConnectException
	at java.net.http/jdk.internal.net.http.common.Utils.toConnectException(Utils.java:1041) ~[java.net.http:na]
	at java.net.http/jdk.internal.net.http.PlainHttpConnection.connectAsync(PlainHttpConnection.java:227) ~[java.net.http:na]
	at java.net.http/jdk.internal.net.http.Http1Exchange.sendHeadersAsync(Http1Exchange.java:312) ~[java.net.http:na]
	at java.net.http/jdk.internal.net.http.Exchange.lambda$responseAsyncImpl0$8(Exchange.java:581) ~[java.net.http:na]
	at java.net.http/jdk.internal.net.http.Exchange.checkFor407(Exchange.java:452) ~[java.net.http:na]
	at java.net.http/jdk.internal.net.http.Exchange.lambda$responseAsyncImpl0$9(Exchange.java:585) ~[java.net.http:na]
	at java.base/java.util.concurrent.CompletableFuture.uniHandle(CompletableFuture.java:934) ~[na:na]
	at java.base/java.util.concurrent.CompletableFuture.uniHandleStage(CompletableFuture.java:950) ~[na:na]
	at java.base/java.util.concurrent.CompletableFuture.handle(CompletableFuture.java:2372) ~[na:na]
	at java.net.http/jdk.internal.net.http.Exchange.responseAsyncImpl0(Exchange.java:585) ~[java.net.http:na]
	at java.net.http/jdk.internal.net.http.Exchange.responseAsyncImpl(Exchange.java:428) ~[java.net.http:na]
	at java.net.http/jdk.internal.net.http.Exchange.responseAsync(Exchange.java:420) ~[java.net.http:na]
	at java.net.http/jdk.internal.net.http.MultiExchange.responseAsyncImpl(MultiExchange.java:414) ~[java.net.http:na]
	at java.net.http/jdk.internal.net.http.MultiExchange.lambda$responseAsyncImpl$7(MultiExchange.java:456) ~[java.net.http:na]
	at java.base/java.util.concurrent.CompletableFuture.uniHandle(CompletableFuture.java:934) ~[na:na]
	at java.base/java.util.concurrent.CompletableFuture.uniHandleStage(CompletableFuture.java:950) ~[na:na]
	at java.base/java.util.concurrent.CompletableFuture.handle(CompletableFuture.java:2372) ~[na:na]
	at java.net.http/jdk.internal.net.http.MultiExchange.responseAsyncImpl(MultiExchange.java:446) ~[java.net.http:na]
	at java.net.http/jdk.internal.net.http.MultiExchange.lambda$responseAsync0$2(MultiExchange.java:347) ~[java.net.http:na]
	at java.base/java.util.concurrent.CompletableFuture$UniCompose.tryFire(CompletableFuture.java:1150) ~[na:na]
	at java.base/java.util.concurrent.CompletableFuture.postComplete(CompletableFuture.java:510) ~[na:na]
	at java.base/java.util.concurrent.CompletableFuture$AsyncSupply.run(CompletableFuture.java:1773) ~[na:na]
	at java.net.http/jdk.internal.net.http.HttpClientImpl$DelegatingExecutor.execute(HttpClientImpl.java:177) ~[java.net.http:na]
	at java.base/java.util.concurrent.CompletableFuture.completeAsync(CompletableFuture.java:2719) ~[na:na]
	at java.net.http/jdk.internal.net.http.MultiExchange.responseAsync(MultiExchange.java:300) ~[java.net.http:na]
	at java.net.http/jdk.internal.net.http.HttpClientImpl.sendAsync(HttpClientImpl.java:1050) ~[java.net.http:na]
	at java.net.http/jdk.internal.net.http.HttpClientImpl.send(HttpClientImpl.java:931) ~[java.net.http:na]
	... 8 common frames omitted
Caused by: java.nio.channels.UnresolvedAddressException
	at java.base/sun.nio.ch.Net.checkAddress(Net.java:137) ~[na:na]
	at java.base/sun.nio.ch.Net.checkAddress(Net.java:145) ~[na:na]
	at java.base/sun.nio.ch.SocketChannelImpl.checkRemote(SocketChannelImpl.java:842) ~[na:na]
	at java.base/sun.nio.ch.SocketChannelImpl.connect(SocketChannelImpl.java:865) ~[na:na]
	at java.net.http/jdk.internal.net.http.PlainHttpConnection.lambda$connectAsync$1(PlainHttpConnection.java:210) ~[java.net.http:na]
	at java.base/java.security.AccessController.doPrivileged(AccessController.java:571) ~[na:na]
	at java.net.http/jdk.internal.net.http.PlainHttpConnection.connectAsync(PlainHttpConnection.java:212) ~[java.net.http:na]
	... 33 common frames omitted

2025-12-28T22:02:31.203+05:30  INFO [auth-service,,] 9916 --- [auth-service] [SpringApplicationShutdownHook] [                                                 ] o.s.b.w.e.tomcat.GracefulShutdown        : Commencing graceful shutdown. Waiting for active requests to complete
2025-12-28T22:02:31.223+05:30  INFO [auth-service,,] 9916 --- [auth-service] [tomcat-shutdown] [                                                 ] o.s.b.w.e.tomcat.GracefulShutdown        : Graceful shutdown complete
2025-12-28T22:02:31.235+05:30  INFO [auth-service,,] 9916 --- [auth-service] [SpringApplicationShutdownHook] [                                                 ] j.LocalContainerEntityManagerFactoryBean : Closing JPA EntityManagerFactory for persistence unit 'default'
2025-12-28T22:02:31.240+05:30  INFO [auth-service,,] 9916 --- [auth-service] [SpringApplicationShutdownHook] [                                                 ] com.zaxxer.hikari.HikariDataSource       : HikariPool-1 - Shutdown initiated...
2025-12-28T22:02:31.250+05:30  INFO [auth-service,,] 9916 --- [auth-service] [SpringApplicationShutdownHook] [                                                 ] com.zaxxer.hikari.HikariDataSource       : HikariPool-1 - Shutdown completed.
2025-12-28T22:05:04.456+05:30  INFO [auth-service,,] 13636 --- [auth-service] [main] [                                                 ] c.t.auth.AuthServiceApplication          : Starting AuthServiceApplication using Java 21.0.7 with PID 13636 (C:\FS Projects\TicketBlitz\auth-service\target\classes started by Abhinav Pathak in C:\FS Projects\TicketBlitz)
2025-12-28T22:05:04.458+05:30 DEBUG [auth-service,,] 13636 --- [auth-service] [main] [                                                 ] c.t.auth.AuthServiceApplication          : Running with Spring Boot v3.5.9, Spring v6.2.15
2025-12-28T22:05:04.459+05:30  INFO [auth-service,,] 13636 --- [auth-service] [main] [                                                 ] c.t.auth.AuthServiceApplication          : No active profile set, falling back to 1 default profile: "default"
2025-12-28T22:05:05.633+05:30  INFO [auth-service,,] 13636 --- [auth-service] [main] [                                                 ] .s.d.r.c.RepositoryConfigurationDelegate : Bootstrapping Spring Data JPA repositories in DEFAULT mode.
2025-12-28T22:05:05.662+05:30  INFO [auth-service,,] 13636 --- [auth-service] [main] [                                                 ] .s.d.r.c.RepositoryConfigurationDelegate : Finished Spring Data repository scanning in 17 ms. Found 0 JPA repository interfaces.
2025-12-28T22:05:05.885+05:30  INFO [auth-service,,] 13636 --- [auth-service] [main] [                                                 ] o.s.cloud.context.scope.GenericScope     : BeanFactory id=4d2d9d96-b0e2-31a9-bdfc-6a0fbf2eaab9
2025-12-28T22:05:06.292+05:30  INFO [auth-service,,] 13636 --- [auth-service] [main] [                                                 ] o.s.b.w.embedded.tomcat.TomcatWebServer  : Tomcat initialized with port 8081 (http)
2025-12-28T22:05:06.307+05:30  INFO [auth-service,,] 13636 --- [auth-service] [main] [                                                 ] o.apache.catalina.core.StandardService   : Starting service [Tomcat]
2025-12-28T22:05:06.307+05:30  INFO [auth-service,,] 13636 --- [auth-service] [main] [                                                 ] o.apache.catalina.core.StandardEngine    : Starting Servlet engine: [Apache Tomcat/10.1.50]
2025-12-28T22:05:06.381+05:30  INFO [auth-service,,] 13636 --- [auth-service] [main] [                                                 ] o.a.c.c.C.[Tomcat].[localhost].[/]       : Initializing Spring embedded WebApplicationContext
2025-12-28T22:05:06.382+05:30  INFO [auth-service,,] 13636 --- [auth-service] [main] [                                                 ] w.s.c.ServletWebServerApplicationContext : Root WebApplicationContext: initialization completed in 1865 ms
2025-12-28T22:05:07.091+05:30  INFO [auth-service,,] 13636 --- [auth-service] [main] [                                                 ] com.zaxxer.hikari.HikariDataSource       : HikariPool-1 - Starting...
2025-12-28T22:05:07.268+05:30  INFO [auth-service,,] 13636 --- [auth-service] [main] [                                                 ] com.zaxxer.hikari.pool.HikariPool        : HikariPool-1 - Added connection org.postgresql.jdbc.PgConnection@54387873
2025-12-28T22:05:07.271+05:30  INFO [auth-service,,] 13636 --- [auth-service] [main] [                                                 ] com.zaxxer.hikari.HikariDataSource       : HikariPool-1 - Start completed.
2025-12-28T22:05:07.301+05:30  INFO [auth-service,,] 13636 --- [auth-service] [main] [                                                 ] org.flywaydb.core.FlywayExecutor         : Database: jdbc:postgresql://localhost:5432/ticketblitz_auth (PostgreSQL 18.0)
2025-12-28T22:05:07.316+05:30  WARN [auth-service,,] 13636 --- [auth-service] [main] [                                                 ] o.f.c.internal.database.base.Database    : Flyway upgrade recommended: PostgreSQL 18.0 is newer than this version of Flyway and support has not been tested. The latest supported version of PostgreSQL is 17.
2025-12-28T22:05:07.360+05:30  INFO [auth-service,,] 13636 --- [auth-service] [main] [                                                 ] o.f.core.internal.command.DbValidate     : Successfully validated 1 migration (execution time 00:00.031s)
2025-12-28T22:05:07.444+05:30  INFO [auth-service,,] 13636 --- [auth-service] [main] [                                                 ] o.f.core.internal.command.DbMigrate      : Current version of schema "public": 1
2025-12-28T22:05:07.446+05:30  INFO [auth-service,,] 13636 --- [auth-service] [main] [                                                 ] o.f.core.internal.command.DbMigrate      : Schema "public" is up to date. No migration necessary.
2025-12-28T22:05:07.546+05:30  INFO [auth-service,,] 13636 --- [auth-service] [main] [                                                 ] o.hibernate.jpa.internal.util.LogHelper  : HHH000204: Processing PersistenceUnitInfo [name: default]
2025-12-28T22:05:07.634+05:30  INFO [auth-service,,] 13636 --- [auth-service] [main] [                                                 ] org.hibernate.Version                    : HHH000412: Hibernate ORM core version 6.6.39.Final
2025-12-28T22:05:07.685+05:30  INFO [auth-service,,] 13636 --- [auth-service] [main] [                                                 ] o.h.c.internal.RegionFactoryInitiator    : HHH000026: Second-level cache disabled
2025-12-28T22:05:08.033+05:30  INFO [auth-service,,] 13636 --- [auth-service] [main] [                                                 ] o.s.o.j.p.SpringPersistenceUnitInfo      : No LoadTimeWeaver setup: ignoring JPA class transformer
2025-12-28T22:05:08.149+05:30  INFO [auth-service,,] 13636 --- [auth-service] [main] [                                                 ] org.hibernate.orm.connections.pooling    : HHH10001005: Database info:
	Database JDBC URL [Connecting through datasource 'HikariDataSource (HikariPool-1)']
	Database driver: undefined/unknown
	Database version: 18.0
	Autocommit mode: undefined/unknown
	Isolation level: undefined/unknown
	Minimum pool size: undefined/unknown
	Maximum pool size: undefined/unknown
2025-12-28T22:05:08.560+05:30  INFO [auth-service,,] 13636 --- [auth-service] [main] [                                                 ] o.h.e.t.j.p.i.JtaPlatformInitiator       : HHH000489: No JTA platform available (set 'hibernate.transaction.jta.platform' to enable JTA platform integration)
2025-12-28T22:05:08.565+05:30  INFO [auth-service,,] 13636 --- [auth-service] [main] [                                                 ] j.LocalContainerEntityManagerFactoryBean : Initialized JPA EntityManagerFactory for persistence unit 'default'
2025-12-28T22:05:08.672+05:30  WARN [auth-service,,] 13636 --- [auth-service] [main] [                                                 ] JpaBaseConfiguration$JpaWebConfiguration : spring.jpa.open-in-view is enabled by default. Therefore, database queries may be performed during view rendering. Explicitly configure spring.jpa.open-in-view to disable this warning
2025-12-28T22:05:09.109+05:30  INFO [auth-service,,] 13636 --- [auth-service] [main] [                                                 ] o.s.b.a.e.web.EndpointLinksResolver      : Exposing 1 endpoint beneath base path '/actuator'
2025-12-28T22:05:09.148+05:30  WARN [auth-service,,] 13636 --- [auth-service] [main] [                                                 ] .s.s.UserDetailsServiceAutoConfiguration : 

Using generated security password: d6dfae3e-3d80-4c74-951b-8b369239212d

This generated password is for development use only. Your security configuration must be updated before running your application in production.

2025-12-28T22:05:09.159+05:30  INFO [auth-service,,] 13636 --- [auth-service] [main] [                                                 ] r$InitializeUserDetailsManagerConfigurer : Global AuthenticationManager configured with UserDetailsService bean with name inMemoryUserDetailsManager
2025-12-28T22:05:09.650+05:30  INFO [auth-service,,] 13636 --- [auth-service] [main] [                                                 ] o.s.b.w.embedded.tomcat.TomcatWebServer  : Tomcat started on port 8081 (http) with context path '/'
2025-12-28T22:05:09.671+05:30  INFO [auth-service,,] 13636 --- [auth-service] [main] [                                                 ] c.t.auth.AuthServiceApplication          : Started AuthServiceApplication in 5.861 seconds (process running for 6.474)
2025-12-28T22:05:32.226+05:30  INFO [auth-service,,] 13636 --- [auth-service] [http-nio-8081-exec-1] [                                                 ] o.a.c.c.C.[Tomcat].[localhost].[/]       : Initializing Spring DispatcherServlet 'dispatcherServlet'
2025-12-28T22:05:32.227+05:30  INFO [auth-service,,] 13636 --- [auth-service] [http-nio-8081-exec-1] [                                                 ] o.s.web.servlet.DispatcherServlet        : Initializing Servlet 'dispatcherServlet'
2025-12-28T22:05:32.230+05:30  INFO [auth-service,,] 13636 --- [auth-service] [http-nio-8081-exec-1] [                                                 ] o.s.web.servlet.DispatcherServlet        : Completed initialization in 3 ms
2025-12-28T22:05:32.567+05:30  INFO [auth-service,69515c53a385d9270230bf3f3dda4206,7622df69ba25f6e6] 13636 --- [auth-service] [http-nio-8081-exec-1] [69515c53a385d9270230bf3f3dda4206-7622df69ba25f6e6] c.ticketblitz.auth.service.AuthService   : Login attempt for user: abhinav
2025-12-28T22:05:33.647+05:30  INFO [auth-service,69515c53a385d9270230bf3f3dda4206,7622df69ba25f6e6] 13636 --- [auth-service] [http-nio-8081-exec-1] [69515c53a385d9270230bf3f3dda4206-7622df69ba25f6e6] c.ticketblitz.auth.service.AuthService   : Login successful for abhinav
2025-12-28T23:11:55.193+05:30  WARN [auth-service,,] 13636 --- [auth-service] [HikariPool-1:housekeeper] [                                                 ] com.zaxxer.hikari.pool.HikariPool        : HikariPool-1 - Thread starvation or clock leap detected (housekeeper delta=25m47s21ms917s800ns).
2025-12-28T23:12:30.195+05:30  INFO [auth-service,,] 13636 --- [auth-service] [SpringApplicationShutdownHook] [                                                 ] o.s.b.w.e.tomcat.GracefulShutdown        : Commencing graceful shutdown. Waiting for active requests to complete
2025-12-28T23:12:30.209+05:30  INFO [auth-service,,] 13636 --- [auth-service] [tomcat-shutdown] [                                                 ] o.s.b.w.e.tomcat.GracefulShutdown        : Graceful shutdown complete
2025-12-28T23:12:30.234+05:30  INFO [auth-service,,] 13636 --- [auth-service] [SpringApplicationShutdownHook] [                                                 ] j.LocalContainerEntityManagerFactoryBean : Closing JPA EntityManagerFactory for persistence unit 'default'
2025-12-28T23:12:30.241+05:30  INFO [auth-service,,] 13636 --- [auth-service] [SpringApplicationShutdownHook] [                                                 ] com.zaxxer.hikari.HikariDataSource       : HikariPool-1 - Shutdown initiated...
2025-12-28T23:12:30.246+05:30  INFO [auth-service,,] 13636 --- [auth-service] [SpringApplicationShutdownHook] [                                                 ] com.zaxxer.hikari.HikariDataSource       : HikariPool-1 - Shutdown completed.
